

SYSTEM_START	-	DESKTOP-DAGQDS3	DESKTOP-DAGQDS3	2019-11-19 04:03:11


SYSTEM_INFO	CarMaker 7.0.2 - Car_Generic #280	fh@obelix.ipg 2018-09-12 13:21:17	(7.0.2 fh@obelix.ipg 2018-09-12 13:21:02)
SIM	1574132592	DESKTOP-DAGQDS3	kiran	unknown	0	16.689	0.00123477


SYSTEM_START	-	DESKTOP-DAGQDS3	DESKTOP-DAGQDS3	2019-11-19 04:04:18


SYSTEM_INFO	CarMaker 7.0.2 - Car_Generic #280	fh@obelix.ipg 2018-09-12 13:21:17	(7.0.2 fh@obelix.ipg 2018-09-12 13:21:02)
SIM	1574132658	DESKTOP-DAGQDS3	kiran	unknown	0	30.785	537.305


SYSTEM_START	-	DESKTOP-DAGQDS3	DESKTOP-DAGQDS3	2019-11-19 04:12:36


SYSTEM_INFO	CarMaker 7.0.2 - Car_Generic #280	fh@obelix.ipg 2018-09-12 13:21:17	(7.0.2 fh@obelix.ipg 2018-09-12 13:21:02)
SIM	1574133156	DESKTOP-DAGQDS3	kiran	unknown	0	22.063	363.711


SYSTEM_START	-	DESKTOP-DAGQDS3	DESKTOP-DAGQDS3	2019-11-19 04:14:08


SYSTEM_INFO	CarMaker 7.0.2 - Car_Generic #280	fh@obelix.ipg 2018-09-12 13:21:17	(7.0.2 fh@obelix.ipg 2018-09-12 13:21:02)
SIM	1574133248	DESKTOP-DAGQDS3	kiran	unknown	0	186.891	3626.93


SYSTEM_START	-	DESKTOP-DAGQDS3	DESKTOP-DAGQDS3	2019-11-19 04:17:20


SYSTEM_INFO	CarMaker 7.0.2 - Car_Generic #280	fh@obelix.ipg 2018-09-12 13:21:17	(7.0.2 fh@obelix.ipg 2018-09-12 13:21:02)
SIM	1574133440	DESKTOP-DAGQDS3	kiran	unknown	0	245.013	6760.22


SYSTEM_START	-	DESKTOP-DAGQDS3	DESKTOP-DAGQDS3	2019-11-19 04:18:28


SYSTEM_INFO	CarMaker 7.0.2 - Car_Generic #280	fh@obelix.ipg 2018-09-12 13:21:17	(7.0.2 fh@obelix.ipg 2018-09-12 13:21:02)
SIM	1574133509	DESKTOP-DAGQDS3	kiran	unknown	6	208.301	6834.08


SYSTEM_START	-	DESKTOP-DAGQDS3	DESKTOP-DAGQDS3	2019-11-19 04:19:40


SYSTEM_INFO	CarMaker 7.0.2 - Car_Generic #280	fh@obelix.ipg 2018-09-12 13:21:17	(7.0.2 fh@obelix.ipg 2018-09-12 13:21:02)
SIM	1574133580	DESKTOP-DAGQDS3	kiran	unknown	0	56.926	1825.39


SYSTEM_START	-	DESKTOP-DAGQDS3	DESKTOP-DAGQDS3	2019-11-19 04:22:06


SYSTEM_INFO	CarMaker 7.0.2 - Car_Generic #280	fh@obelix.ipg 2018-09-12 13:21:17	(7.0.2 fh@obelix.ipg 2018-09-12 13:21:02)
SIM	1574133726	DESKTOP-DAGQDS3	kiran	unknown	0	89.28	2896.02


SYSTEM_START	-	DESKTOP-DAGQDS3	DESKTOP-DAGQDS3	2019-11-19 04:57:59


SYSTEM_INFO	CarMaker 7.0.2 - Car_Generic #280	fh@obelix.ipg 2018-09-12 13:21:17	(7.0.2 fh@obelix.ipg 2018-09-12 13:21:02)
SIM	1574135880	DESKTOP-DAGQDS3	kiran	unknown	0	18.021	537.758


SYSTEM_START	-	DESKTOP-DAGQDS3	DESKTOP-DAGQDS3	2019-11-19 05:00:41


SYSTEM_INFO	CarMaker 7.0.2 - Car_Generic #280	fh@obelix.ipg 2018-09-12 13:21:17	(7.0.2 fh@obelix.ipg 2018-09-12 13:21:02)
SIM	1574136041	DESKTOP-DAGQDS3	kiran	unknown	0	32.592	1019.85


SYSTEM_START	-	DESKTOP-DAGQDS3	DESKTOP-DAGQDS3	2019-11-19 07:02:56


SYSTEM_INFO	CarMaker 7.0.2 - Car_Generic #280	fh@obelix.ipg 2018-09-12 13:21:17	(7.0.2 fh@obelix.ipg 2018-09-12 13:21:02)
SIM	1574143376	DESKTOP-DAGQDS3	kiran	unknown	1	1.966	19.6936


SYSTEM_START	-	DESKTOP-DAGQDS3	DESKTOP-DAGQDS3	2019-11-19 07:03:27


SYSTEM_INFO	CarMaker 7.0.2 - Car_Generic #280	fh@obelix.ipg 2018-09-12 13:21:17	(7.0.2 fh@obelix.ipg 2018-09-12 13:21:02)
SIM	1574143407	DESKTOP-DAGQDS3	kiran	unknown	0	47.974	278.613


SYSTEM_START	-	DESKTOP-DAGQDS3	DESKTOP-DAGQDS3	2019-11-19 07:05:37


SYSTEM_INFO	CarMaker 7.0.2 - Car_Generic #280	fh@obelix.ipg 2018-09-12 13:21:17	(7.0.2 fh@obelix.ipg 2018-09-12 13:21:02)
SIM	1574143538	DESKTOP-DAGQDS3	kiran	unknown	0	26.613	332.357


SYSTEM_START	-	DESKTOP-DAGQDS3	DESKTOP-DAGQDS3	2019-12-08 10:31:29


SYSTEM_INFO	CarMaker 7.0.2 - Car_Generic #280	fh@obelix.ipg 2018-09-12 13:21:17	(7.0.2 fh@obelix.ipg 2018-09-12 13:21:02)
SIM	1575797489	DESKTOP-DAGQDS3	kiran	unknown	0	30.012	540.755


SYSTEM_START	-	DESKTOP-DAGQDS3	DESKTOP-DAGQDS3	2019-12-08 10:32:08


SYSTEM_INFO	CarMaker 7.0.2 - Car_Generic #280	fh@obelix.ipg 2018-09-12 13:21:17	(7.0.2 fh@obelix.ipg 2018-09-12 13:21:02)
SIM	1575797528	DESKTOP-DAGQDS3	kiran	unknown	0	30.012	540.755


SYSTEM_START	-	DESKTOP-DAGQDS3	DESKTOP-DAGQDS3	2019-12-08 10:32:58


SYSTEM_INFO	CarMaker 7.0.2 - Car_Generic #280	fh@obelix.ipg 2018-09-12 13:21:17	(7.0.2 fh@obelix.ipg 2018-09-12 13:21:02)
SIM	1575797578	DESKTOP-DAGQDS3	kiran	unknown	0	30.012	510.784


SYSTEM_START	-	DESKTOP-DAGQDS3	DESKTOP-DAGQDS3	2019-12-08 10:33:47


SYSTEM_INFO	CarMaker 7.0.2 - Car_Generic #280	fh@obelix.ipg 2018-09-12 13:21:17	(7.0.2 fh@obelix.ipg 2018-09-12 13:21:02)
SIM	1575797627	DESKTOP-DAGQDS3	kiran	unknown	0	30.012	397.489


SYSTEM_START	-	DESKTOP-DAGQDS3	DESKTOP-DAGQDS3	2019-12-08 10:34:41


SYSTEM_INFO	CarMaker 7.0.2 - Car_Generic #280	fh@obelix.ipg 2018-09-12 13:21:17	(7.0.2 fh@obelix.ipg 2018-09-12 13:21:02)
SIM	1575797681	DESKTOP-DAGQDS3	kiran	unknown	0	30.012	583.689


SYSTEM_START	-	DESKTOP-DAGQDS3	DESKTOP-DAGQDS3	2019-12-08 10:35:33


SYSTEM_INFO	CarMaker 7.0.2 - Car_Generic #280	fh@obelix.ipg 2018-09-12 13:21:17	(7.0.2 fh@obelix.ipg 2018-09-12 13:21:02)
SIM	1575797733	DESKTOP-DAGQDS3	kiran	unknown	1	44.894	893.624


SYSTEM_START	-	DESKTOP-DAGQDS3	DESKTOP-DAGQDS3	2019-12-08 10:36:34


SYSTEM_INFO	CarMaker 7.0.2 - Car_Generic #280	fh@obelix.ipg 2018-09-12 13:21:17	(7.0.2 fh@obelix.ipg 2018-09-12 13:21:02)
SIM	1575797794	DESKTOP-DAGQDS3	kiran	unknown	1	44.894	893.624


SYSTEM_START	-	DESKTOP-DAGQDS3	DESKTOP-DAGQDS3	2019-12-08 10:46:00


SYSTEM_INFO	CarMaker 7.0.2 - Car_Generic #280	fh@obelix.ipg 2018-09-12 13:21:17	(7.0.2 fh@obelix.ipg 2018-09-12 13:21:02)
SIM	1575798360	DESKTOP-DAGQDS3	kiran	testfsgen	1	87.937	1827.46


SYSTEM_START	-	DESKTOP-DAGQDS3	DESKTOP-DAGQDS3	2019-12-08 10:47:57


SYSTEM_INFO	CarMaker 7.0.2 - Car_Generic #280	fh@obelix.ipg 2018-09-12 13:21:17	(7.0.2 fh@obelix.ipg 2018-09-12 13:21:02)
SIM	1575798477	DESKTOP-DAGQDS3	kiran	testfsgen	1	87.937	1827.46


SYSTEM_START	-	DESKTOP-DAGQDS3	DESKTOP-DAGQDS3	2019-12-08 18:38:42


SYSTEM_INFO	CarMaker 7.0.2 - Car_Generic #280	fh@obelix.ipg 2018-09-12 13:21:17	(7.0.2 fh@obelix.ipg 2018-09-12 13:21:02)
SIM	1575826722	DESKTOP-DAGQDS3	kiran	testfsgen	1	70.207	1420.85


SYSTEM_START	-	DESKTOP-DAGQDS3	DESKTOP-DAGQDS3	2019-12-08 18:40:26


SYSTEM_INFO	CarMaker 7.0.2 - Car_Generic #280	fh@obelix.ipg 2018-09-12 13:21:17	(7.0.2 fh@obelix.ipg 2018-09-12 13:21:02)
SIM	1575826827	DESKTOP-DAGQDS3	kiran	testfsgen	1	46.888	963.821


SYSTEM_START	-	DESKTOP-DAGQDS3	DESKTOP-DAGQDS3	2019-12-08 18:42:38


SYSTEM_INFO	CarMaker 7.0.2 - Car_Generic #280	fh@obelix.ipg 2018-09-12 13:21:17	(7.0.2 fh@obelix.ipg 2018-09-12 13:21:02)
SIM	1575826958	DESKTOP-DAGQDS3	kiran	testfsgen	1	43.569	887.899


SYSTEM_START	-	DESKTOP-DAGQDS3	DESKTOP-DAGQDS3	2019-12-08 18:43:35


SYSTEM_INFO	CarMaker 7.0.2 - Car_Generic #280	fh@obelix.ipg 2018-09-12 13:21:17	(7.0.2 fh@obelix.ipg 2018-09-12 13:21:02)
SIM	1575827015	DESKTOP-DAGQDS3	kiran	testfsgen	1	44.212	890.528


SYSTEM_START	-	DESKTOP-DAGQDS3	DESKTOP-DAGQDS3	2019-12-08 18:44:44


SYSTEM_INFO	CarMaker 7.0.2 - Car_Generic #280	fh@obelix.ipg 2018-09-12 13:21:17	(7.0.2 fh@obelix.ipg 2018-09-12 13:21:02)
SIM	1575827085	DESKTOP-DAGQDS3	kiran	testfsgen	0	59.78	1218.58


SYSTEM_START	-	DESKTOP-DAGQDS3	DESKTOP-DAGQDS3	2019-12-08 18:51:45


SYSTEM_INFO	CarMaker 7.0.2 - Car_Generic #280	fh@obelix.ipg 2018-09-12 13:21:17	(7.0.2 fh@obelix.ipg 2018-09-12 13:21:02)
SIM	1575827505	DESKTOP-DAGQDS3	kiran	testfsgen	1	43.646	875.373


SYSTEM_START	-	DESKTOP-DAGQDS3	DESKTOP-DAGQDS3	2019-12-08 18:52:45


SYSTEM_INFO	CarMaker 7.0.2 - Car_Generic #280	fh@obelix.ipg 2018-09-12 13:21:17	(7.0.2 fh@obelix.ipg 2018-09-12 13:21:02)
SIM	1575827565	DESKTOP-DAGQDS3	kiran	testfsgen	1	45.538	902.613


SYSTEM_START	-	DESKTOP-DAGQDS3	DESKTOP-DAGQDS3	2019-12-08 18:53:55


SYSTEM_INFO	CarMaker 7.0.2 - Car_Generic #280	fh@obelix.ipg 2018-09-12 13:21:17	(7.0.2 fh@obelix.ipg 2018-09-12 13:21:02)
SIM	1575827635	DESKTOP-DAGQDS3	kiran	testfsgen	1	0	0


SYSTEM_START	-	DESKTOP-DAGQDS3	DESKTOP-DAGQDS3	2019-12-08 18:54:42


SYSTEM_INFO	CarMaker 7.0.2 - Car_Generic #280	fh@obelix.ipg 2018-09-12 13:21:17	(7.0.2 fh@obelix.ipg 2018-09-12 13:21:02)
SIM	1575827682	DESKTOP-DAGQDS3	kiran	testfsgen	0	38.673	773.031


SYSTEM_START	-	DESKTOP-DAGQDS3	DESKTOP-DAGQDS3	2019-12-08 18:57:42


SYSTEM_INFO	CarMaker 7.0.2 - Car_Generic #280	fh@obelix.ipg 2018-09-12 13:21:17	(7.0.2 fh@obelix.ipg 2018-09-12 13:21:02)
SIM	1575827862	DESKTOP-DAGQDS3	kiran	testfsgen	1	34.624	676.521


SYSTEM_START	-	DESKTOP-DAGQDS3	DESKTOP-DAGQDS3	2019-12-08 18:58:35


SYSTEM_INFO	CarMaker 7.0.2 - Car_Generic #280	fh@obelix.ipg 2018-09-12 13:21:17	(7.0.2 fh@obelix.ipg 2018-09-12 13:21:02)
SIM	1575827915	DESKTOP-DAGQDS3	kiran	testfsgen	1	35.232	692.335


SYSTEM_START	-	DESKTOP-DAGQDS3	DESKTOP-DAGQDS3	2019-12-08 18:59:38


SYSTEM_INFO	CarMaker 7.0.2 - Car_Generic #280	fh@obelix.ipg 2018-09-12 13:21:17	(7.0.2 fh@obelix.ipg 2018-09-12 13:21:02)
SIM	1575827978	DESKTOP-DAGQDS3	kiran	testfsgen	1	35.17	679.341


SYSTEM_START	-	DESKTOP-DAGQDS3	DESKTOP-DAGQDS3	2019-12-08 19:00:33


SYSTEM_INFO	CarMaker 7.0.2 - Car_Generic #280	fh@obelix.ipg 2018-09-12 13:21:17	(7.0.2 fh@obelix.ipg 2018-09-12 13:21:02)
SIM	1575828033	DESKTOP-DAGQDS3	kiran	testfsgen	1	36.327	685.296


SYSTEM_START	-	DESKTOP-DAGQDS3	DESKTOP-DAGQDS3	2019-12-08 19:01:28


SYSTEM_INFO	CarMaker 7.0.2 - Car_Generic #280	fh@obelix.ipg 2018-09-12 13:21:17	(7.0.2 fh@obelix.ipg 2018-09-12 13:21:02)
SIM	1575828088	DESKTOP-DAGQDS3	kiran	testfsgen	1	37.623	692.635


SYSTEM_START	-	DESKTOP-DAGQDS3	DESKTOP-DAGQDS3	2019-12-08 19:02:40


SYSTEM_INFO	CarMaker 7.0.2 - Car_Generic #280	fh@obelix.ipg 2018-09-12 13:21:17	(7.0.2 fh@obelix.ipg 2018-09-12 13:21:02)
SIM	1575828160	DESKTOP-DAGQDS3	kiran	testfsgen	0	41.968	756.114


SYSTEM_START	-	DESKTOP-DAGQDS3	DESKTOP-DAGQDS3	2019-12-08 19:03:45


SYSTEM_INFO	CarMaker 7.0.2 - Car_Generic #280	fh@obelix.ipg 2018-09-12 13:21:17	(7.0.2 fh@obelix.ipg 2018-09-12 13:21:02)
SIM	1575828225	DESKTOP-DAGQDS3	kiran	testfsgen	0	50.021	882.733


SYSTEM_START	-	DESKTOP-DAGQDS3	DESKTOP-DAGQDS3	2019-12-08 19:04:55


SYSTEM_INFO	CarMaker 7.0.2 - Car_Generic #280	fh@obelix.ipg 2018-09-12 13:21:17	(7.0.2 fh@obelix.ipg 2018-09-12 13:21:02)
SIM	1575828295	DESKTOP-DAGQDS3	kiran	testfsgen	0	41.54	737.452


SYSTEM_START	-	DESKTOP-DAGQDS3	DESKTOP-DAGQDS3	2019-12-08 19:06:24


SYSTEM_INFO	CarMaker 7.0.2 - Car_Generic #280	fh@obelix.ipg 2018-09-12 13:21:17	(7.0.2 fh@obelix.ipg 2018-09-12 13:21:02)
SIM	1575828384	DESKTOP-DAGQDS3	kiran	testfsgen	0	59.26	1052.12


SYSTEM_START	-	DESKTOP-DAGQDS3	DESKTOP-DAGQDS3	2019-12-08 19:10:17


SYSTEM_INFO	CarMaker 7.0.2 - Car_Generic #280	fh@obelix.ipg 2018-09-12 13:21:17	(7.0.2 fh@obelix.ipg 2018-09-12 13:21:02)
SIM	1575828617	DESKTOP-DAGQDS3	kiran	testfsgen	1	34.477	681.024


SYSTEM_START	-	DESKTOP-DAGQDS3	DESKTOP-DAGQDS3	2019-12-08 19:11:09


SYSTEM_INFO	CarMaker 7.0.2 - Car_Generic #280	fh@obelix.ipg 2018-09-12 13:21:17	(7.0.2 fh@obelix.ipg 2018-09-12 13:21:02)
SIM	1575828669	DESKTOP-DAGQDS3	kiran	testfsgen	0	44.75	808.534


SYSTEM_START	-	DESKTOP-DAGQDS3	DESKTOP-DAGQDS3	2019-12-08 19:12:02


SYSTEM_INFO	CarMaker 7.0.2 - Car_Generic #280	fh@obelix.ipg 2018-09-12 13:21:17	(7.0.2 fh@obelix.ipg 2018-09-12 13:21:02)
SIM	1575828723	DESKTOP-DAGQDS3	kiran	testfsgen	1	0	0


SYSTEM_START	-	DESKTOP-DAGQDS3	DESKTOP-DAGQDS3	2019-12-08 19:12:13


SYSTEM_INFO	CarMaker 7.0.2 - Car_Generic #280	fh@obelix.ipg 2018-09-12 13:21:17	(7.0.2 fh@obelix.ipg 2018-09-12 13:21:02)
SIM	1575828733	DESKTOP-DAGQDS3	kiran	testfsgen	1	35.2	689.031


SYSTEM_START	-	DESKTOP-DAGQDS3	DESKTOP-DAGQDS3	2019-12-08 19:13:08


SYSTEM_INFO	CarMaker 7.0.2 - Car_Generic #280	fh@obelix.ipg 2018-09-12 13:21:17	(7.0.2 fh@obelix.ipg 2018-09-12 13:21:02)
SIM	1575828788	DESKTOP-DAGQDS3	kiran	testfsgen	1	36.831	703.743


SYSTEM_START	-	DESKTOP-DAGQDS3	DESKTOP-DAGQDS3	2019-12-08 19:14:08


SYSTEM_INFO	CarMaker 7.0.2 - Car_Generic #280	fh@obelix.ipg 2018-09-12 13:21:17	(7.0.2 fh@obelix.ipg 2018-09-12 13:21:02)
SIM	1575828848	DESKTOP-DAGQDS3	kiran	testfsgen	0	40.163	745.322


SYSTEM_START	-	DESKTOP-DAGQDS3	DESKTOP-DAGQDS3	2019-12-08 19:15:09


SYSTEM_INFO	CarMaker 7.0.2 - Car_Generic #280	fh@obelix.ipg 2018-09-12 13:21:17	(7.0.2 fh@obelix.ipg 2018-09-12 13:21:02)
SIM	1575828909	DESKTOP-DAGQDS3	kiran	testfsgen	0	45.698	858.624


SYSTEM_START	-	DESKTOP-DAGQDS3	DESKTOP-DAGQDS3	2019-12-08 19:16:07


SYSTEM_INFO	CarMaker 7.0.2 - Car_Generic #280	fh@obelix.ipg 2018-09-12 13:21:17	(7.0.2 fh@obelix.ipg 2018-09-12 13:21:02)
SIM	1575828967	DESKTOP-DAGQDS3	kiran	testfsgen	0	46.986	874.224


SYSTEM_START	-	DESKTOP-DAGQDS3	DESKTOP-DAGQDS3	2019-12-08 19:17:08


SYSTEM_INFO	CarMaker 7.0.2 - Car_Generic #280	fh@obelix.ipg 2018-09-12 13:21:17	(7.0.2 fh@obelix.ipg 2018-09-12 13:21:02)
SIM	1575829028	DESKTOP-DAGQDS3	kiran	testfsgen	1	73.68	1384.49


SYSTEM_START	-	DESKTOP-DAGQDS3	DESKTOP-DAGQDS3	2019-12-08 19:19:07


SYSTEM_INFO	CarMaker 7.0.2 - Car_Generic #280	fh@obelix.ipg 2018-09-12 13:21:17	(7.0.2 fh@obelix.ipg 2018-09-12 13:21:02)
SIM	1575829147	DESKTOP-DAGQDS3	kiran	testfsgen	0	40.265	733.269


SYSTEM_START	-	DESKTOP-DAGQDS3	DESKTOP-DAGQDS3	2019-12-08 19:20:14


SYSTEM_INFO	CarMaker 7.0.2 - Car_Generic #280	fh@obelix.ipg 2018-09-12 13:21:17	(7.0.2 fh@obelix.ipg 2018-09-12 13:21:02)
SIM	1575829214	DESKTOP-DAGQDS3	kiran	testfsgen	0	44.467	803.189


SYSTEM_START	-	DESKTOP-DAGQDS3	DESKTOP-DAGQDS3	2019-12-08 19:21:15


SYSTEM_INFO	CarMaker 7.0.2 - Car_Generic #280	fh@obelix.ipg 2018-09-12 13:21:17	(7.0.2 fh@obelix.ipg 2018-09-12 13:21:02)
SIM	1575829275	DESKTOP-DAGQDS3	kiran	testfsgen	0	52.748	966.328
