

SYSTEM_START	-	LAPTOP-5ENEDI4F	LAPTOP-5ENEDI4F	2018-12-19 10:56:30


SYSTEM_INFO	CarMaker 7.0.3 - Car_Generic #420	fh@obelix.ipg 2018-10-05 14:03:44	(7.0.3 fh@obelix.ipg 2018-10-05 14:03:42)
SIM	1545213390	LAPTOP-5ENEDI4F			0	0	0
SIM	1545213391	LAPTOP-5ENEDI4F	Sandy	My_Training/MyFS_Braking	0	32.892	450.224
SIM	1545213405	LAPTOP-5ENEDI4F	Sandy	My_Training/MyFS_Braking	0	32.892	450.224
SIM	1545213411	LAPTOP-5ENEDI4F	Sandy	My_Training/MyFS_Braking	0	32.892	450.224
SIM	1545213433	LAPTOP-5ENEDI4F	Sandy	My_Training/MyFS_Braking	0	32.892	450.224
SIM	1545213447	LAPTOP-5ENEDI4F	Sandy	My_Training/MyFS_Braking	0	32.892	450.224
SIM	1545213488	LAPTOP-5ENEDI4F	Sandy	My_Training/MyFS_Braking	0	32.892	450.224
SIM	1545213549	LAPTOP-5ENEDI4F	Sandy	Examples_FS/FS_Nürburgring-small	0	23	381.338
SIM	1545213588	LAPTOP-5ENEDI4F	Sandy	Examples_FS/Hockenheim500_GrandPrix	0	500	8730.57
SIM	1545213829	LAPTOP-5ENEDI4F	Sandy	Examples_FS/Hockenheim500_GrandPrix	0	174.367	3097.16
SIM	1545214201	LAPTOP-5ENEDI4F	Sandy	Examples_FS/Hockenheim500_GrandPrix	0	97.474	1577.5
SIM	1545214318	LAPTOP-5ENEDI4F	Sandy	Examples_FS/Hockenheim500_GrandPrix	0	208.743	3632
SIM	1545215896	LAPTOP-5ENEDI4F	Sandy	Examples_FS/Hockenheim500_GrandPrix	0	0	0
SIM	1545215925	LAPTOP-5ENEDI4F	Sandy	Examples_FS/Hockenheim500_GrandPrix	0	20	346.982
SIM	1545216525	LAPTOP-5ENEDI4F	Sandy	Examples_FS/Hockenheim500_GrandPrix	0	20	346.982
SIM	1545216988	LAPTOP-5ENEDI4F	Sandy	Examples_FS/Hockenheim500_GrandPrix	0	20	346.982
SIM	1545217465	LAPTOP-5ENEDI4F	Sandy	Examples_FS/Hockenheim500_GrandPrix	0	20	346.91
SIM	1545217799	LAPTOP-5ENEDI4F	Sandy	Examples_FS/Hockenheim500_GrandPrix	0	20	346.91
SIM	1545218674	LAPTOP-5ENEDI4F	Sandy	Examples_FS/Hockenheim500_GrandPrix	0	16.447	223.568
SIM	1545218695	LAPTOP-5ENEDI4F	Sandy	Examples_FS/Hockenheim500_GrandPrix	0	19.293	278.636
SIM	1545218717	LAPTOP-5ENEDI4F	Sandy	Examples_FS/Hockenheim500_GrandPrix	0	20	291.193
SIM	1545218822	LAPTOP-5ENEDI4F	Sandy	Examples_FS/Hockenheim500_GrandPrix	0	20	346.91


SYSTEM_START	-	LAPTOP-5ENEDI4F	LAPTOP-5ENEDI4F	2018-12-19 13:46:36


SYSTEM_INFO	CarMaker 7.0.3 - Car_Generic #420	fh@obelix.ipg 2018-10-05 14:03:44	(7.0.3 fh@obelix.ipg 2018-10-05 14:03:42)
SIM	1545223597	LAPTOP-5ENEDI4F			0	0	0
SIM	1545223597	LAPTOP-5ENEDI4F	Sandy	Examples_FS/Hockenheim500_GrandPrix	0	10.764	253.359
SIM	1545223615	LAPTOP-5ENEDI4F	Sandy	Examples_FS/FSG_SkidPad	0	44.858	259.72


SYSTEM_START	-	LAPTOP-5ENEDI4F	LAPTOP-5ENEDI4F	2018-12-19 14:34:46


SYSTEM_INFO	CarMaker 7.0.3 - Car_Generic #420	fh@obelix.ipg 2018-10-05 14:03:44	(7.0.3 fh@obelix.ipg 2018-10-05 14:03:42)
SIM	1545226486	LAPTOP-5ENEDI4F			0	0	0
SIM	1545226487	LAPTOP-5ENEDI4F	Sandy	unknown	0	30	624.915
SIM	1545226531	LAPTOP-5ENEDI4F	Sandy	unknown	0	30	624.919
SIM	1545226783	LAPTOP-5ENEDI4F	Sandy	unknown	0	30	622.863
SIM	1545226843	LAPTOP-5ENEDI4F	Sandy	unknown	0	17.013	317.241
SIM	1545228413	LAPTOP-5ENEDI4F	Sandy	unknown	1	0	317.241
SIM	1545228442	LAPTOP-5ENEDI4F	Sandy	unknown	1	0	0
SIM	1545228514	LAPTOP-5ENEDI4F	Sandy	unknown	1	0.001	0
SIM	1545228530	LAPTOP-5ENEDI4F	Sandy	unknown	1	0.001	0
SIM	1545228690	LAPTOP-5ENEDI4F	Sandy	unknown	0	47.121	278.96
SIM	1545228753	LAPTOP-5ENEDI4F	Sandy	unknown	0	9.181	129.144
SIM	1545228764	LAPTOP-5ENEDI4F	Sandy	unknown	0	738.873	129.152
SIM	1545229505	LAPTOP-5ENEDI4F	Sandy	unknown	0	15.611	395.58
SIM	1545229531	LAPTOP-5ENEDI4F	Sandy	unknown	1	28.496	883.036
SIM	1545229605	LAPTOP-5ENEDI4F	Sandy	unknown	1	27.864	863.67
SIM	1545229716	LAPTOP-5ENEDI4F	Sandy	unknown	1	27.864	863.67
SIM	1545229823	LAPTOP-5ENEDI4F	Sandy	unknown	0	1627.44	18912.1
SIM	1545230071	LAPTOP-5ENEDI4F	Sandy	unknown	0	232.34	3757.06
SIM	1545230123	LAPTOP-5ENEDI4F	Sandy	unknown	0	232.34	3757.06
SIM	1545230145	LAPTOP-5ENEDI4F	Sandy	unknown	0	232.34	3757.06
SIM	1545230180	LAPTOP-5ENEDI4F	Sandy	unknown	0	136.98	3755.38
SIM	1545230196	LAPTOP-5ENEDI4F	Sandy	unknown	0	136.98	3755.38
SIM	1545230253	LAPTOP-5ENEDI4F	Sandy	unknown	0	159.458	3725.15
SIM	1545230277	LAPTOP-5ENEDI4F	Sandy	unknown	0	20.112	445.44
SIM	1545230327	LAPTOP-5ENEDI4F	Sandy	unknown	0	157.449	3669.35
SIM	1545230495	LAPTOP-5ENEDI4F	Sandy	unknown	0	8.273	63.6315
SIM	1545230512	LAPTOP-5ENEDI4F	Sandy	unknown	0	159.458	3725.15
SIM	1545230692	LAPTOP-5ENEDI4F	Sandy	unknown	1	0.867	0.272484
SIM	1545230729	LAPTOP-5ENEDI4F	Sandy	unknown	1	36.903	818.212
SIM	1545230973	LAPTOP-5ENEDI4F	Sandy	unknown	0	135.69	3724.27
SIM	1545231020	LAPTOP-5ENEDI4F	Sandy	unknown	0	135.69	3724.27
SIM	1545231456	LAPTOP-5ENEDI4F	Sandy	unknown	0	135.69	3724.27
SIM	1545231493	LAPTOP-5ENEDI4F	Sandy	unknown	0	178.666	3738.97
SIM	1545231640	LAPTOP-5ENEDI4F	Sandy	unknown	0	157.664	3725.18
SIM	1545231724	LAPTOP-5ENEDI4F	Sandy	unknown	1	0	3725.18
SIM	1545231762	LAPTOP-5ENEDI4F	Sandy	unknown	0	1628.73	18934.5
SIM	1545231940	LAPTOP-5ENEDI4F	Sandy	unknown	0	135.651	3724.27
SIM	1545231988	LAPTOP-5ENEDI4F	Sandy	unknown	0	135.453	3724.37
SIM	1545232003	LAPTOP-5ENEDI4F	Sandy	unknown	0	135.453	3724.37
SIM	1545232080	LAPTOP-5ENEDI4F	Sandy	unknown	0	135.995	3734.48
SIM	1545232108	LAPTOP-5ENEDI4F	Sandy	unknown	1	28.094	870.872
SIM	1545232133	LAPTOP-5ENEDI4F	Sandy	unknown	1	28.503	883.518
SIM	1545232155	LAPTOP-5ENEDI4F	Sandy	unknown	1	28.508	883.663
SIM	1545232189	LAPTOP-5ENEDI4F	Sandy	unknown	0	1628.77	18928.6
SIM	1545232424	LAPTOP-5ENEDI4F	Sandy	unknown	1	28.508	883.663
SIM	1545232456	LAPTOP-5ENEDI4F	Sandy	unknown	0	135.562	3724.33
SIM	1545232489	LAPTOP-5ENEDI4F	Sandy	unknown	0	135.562	3724.33
SIM	1545232510	LAPTOP-5ENEDI4F	Sandy	unknown	0	136.691	3755.47
SIM	1545232580	LAPTOP-5ENEDI4F	Sandy	unknown	0	135.544	3723.84
SIM	1545232609	LAPTOP-5ENEDI4F	Sandy	unknown	1	0	3723.84
SIM	1545232628	LAPTOP-5ENEDI4F	Sandy	unknown	0	1628.73	18934.5
SIM	1545232757	LAPTOP-5ENEDI4F	Sandy	unknown	0	135.562	3724.33
SIM	1545232887	LAPTOP-5ENEDI4F	Sandy	unknown	0	135.562	3724.33
SIM	1545232935	LAPTOP-5ENEDI4F	Sandy	unknown	1	31.108	900.318
SIM	1545232947	LAPTOP-5ENEDI4F	Sandy	unknown	1	31.108	900.318
SIM	1545232995	LAPTOP-5ENEDI4F	Sandy	unknown	0	117.674	3385.01
SIM	1545233129	LAPTOP-5ENEDI4F	Sandy	unknown	0	55.344	1569.36
SIM	1545233271	LAPTOP-5ENEDI4F	Sandy	unknown	0	159.458	3725.15
SIM	1545233332	LAPTOP-5ENEDI4F	Sandy	unknown	0	135.69	3724.27
SIM	1545233360	LAPTOP-5ENEDI4F	Sandy	unknown	0	135.69	3724.27
SIM	1545234591	LAPTOP-5ENEDI4F	Sandy	unknown	0	135.69	3724.27
SIM	1545236211	LAPTOP-5ENEDI4F	Sandy	unknown	0	135.69	3724.27
SIM	1545236675	LAPTOP-5ENEDI4F	Sandy	unknown	2	0	3724.27
SIM	1545236703	LAPTOP-5ENEDI4F	Sandy	unknown	0	14.27	0.0105114
SIM	1545236740	LAPTOP-5ENEDI4F	Sandy	unknown	0	11.005	15.8991
SIM	1545236785	LAPTOP-5ENEDI4F	Sandy	unknown	1	28.548	883.644
SIM	1545236834	LAPTOP-5ENEDI4F	Sandy	unknown	1	27.86	862.034
SIM	1545236885	LAPTOP-5ENEDI4F	Sandy	unknown	0	20.195	298.002
SIM	1545236958	LAPTOP-5ENEDI4F	Sandy	unknown	0	64.517	1417.34
SIM	1545237035	LAPTOP-5ENEDI4F	Sandy	unknown	0	44.817	1203.39
SIM	1545237135	LAPTOP-5ENEDI4F	Sandy	unknown	0	135.386	3715.98
SIM	1545237207	LAPTOP-5ENEDI4F	Sandy	unknown	1	28.573	884.996
SIM	1545237216	LAPTOP-5ENEDI4F	Sandy	unknown	1	28.573	884.996
SIM	1545237253	LAPTOP-5ENEDI4F	Sandy	unknown	1	28.175	872.561
SIM	1545237397	LAPTOP-5ENEDI4F	Sandy	Examples_FS/Hockenheim500_GrandPrix	0	16.991	357.584
SIM	1545237420	LAPTOP-5ENEDI4F	Sandy	Examples_FS/Hockenheim500_GrandPrix	17	403.181	9835.27
SIM	1545237486	LAPTOP-5ENEDI4F	Sandy	Examples_FS/Hockenheim500_GrandPrix	0	416.012	8481.46
SIM	1545237550	LAPTOP-5ENEDI4F	Sandy	Examples_FS/Hockenheim500_GrandPrix	0	499.597	9951.97
SIM	1545237591	LAPTOP-5ENEDI4F	Sandy	Examples_FS/Hockenheim500_GrandPrix	7	460.619	10892
