

SYSTEM_START	-	m4311-18-04	m4311-18-04	2019-12-02 16:59:53


SYSTEM_INFO	CarMaker 7.0.2 - Car_Generic #280	fh@obelix.ipg 2018-09-12 13:21:17	(7.0.2 fh@obelix.ipg 2018-09-12 13:21:02)


SYSTEM_START	-	m4311-18-04	m4311-18-04	2019-12-02 17:06:48


SYSTEM_INFO	CarMaker 7.0.2 - Car_Generic #280	fh@obelix.ipg 2018-09-12 13:21:17	(7.0.2 fh@obelix.ipg 2018-09-12 13:21:02)
SIM	1575302809	m4311-18-04	jom8992	unknown	0	78.136	0.106073


SYSTEM_START	-	m4311-18-04	m4311-18-04	2019-12-02 17:08:18


SYSTEM_INFO	CarMaker 7.0.2 - Car_Generic #280	fh@obelix.ipg 2018-09-12 13:21:17	(7.0.2 fh@obelix.ipg 2018-09-12 13:21:02)
SIM	1575302898	m4311-18-04	jom8992	unknown	0	92.255	0.10785


SYSTEM_START	-	m4311-18-04	m4311-18-04	2019-12-02 17:09:08


SYSTEM_INFO	CarMaker 7.0.2 - Car_Generic #280	fh@obelix.ipg 2018-09-12 13:21:17	(7.0.2 fh@obelix.ipg 2018-09-12 13:21:02)


SYSTEM_START	-	m4311-18-04	m4311-18-04	2019-12-02 17:16:00


SYSTEM_INFO	CarMaker 7.0.2 - Car_Generic #280	fh@obelix.ipg 2018-09-12 13:21:17	(7.0.2 fh@obelix.ipg 2018-09-12 13:21:02)
SIM	1575303361	m4311-18-04	jom8992	testfsgen	8	0.013	0


SYSTEM_START	-	m4311-18-04	m4311-18-04	2019-12-02 17:16:12


SYSTEM_INFO	CarMaker 7.0.2 - Car_Generic #280	fh@obelix.ipg 2018-09-12 13:21:17	(7.0.2 fh@obelix.ipg 2018-09-12 13:21:02)
SIM	1575303373	m4311-18-04	jom8992	testfsgen	8	0.013	0


SYSTEM_START	-	m4311-18-04	m4311-18-04	2019-12-02 17:16:52


SYSTEM_INFO	CarMaker 7.0.2 - Car_Generic #280	fh@obelix.ipg 2018-09-12 13:21:17	(7.0.2 fh@obelix.ipg 2018-09-12 13:21:02)
SIM	1575303412	m4311-18-04	jom8992	testfsgen	0	34.536	0.0579282


SYSTEM_START	-	m4311-18-04	m4311-18-04	2019-12-02 17:17:39


SYSTEM_INFO	CarMaker 7.0.2 - Car_Generic #280	fh@obelix.ipg 2018-09-12 13:21:17	(7.0.2 fh@obelix.ipg 2018-09-12 13:21:02)
SIM	1575303460	m4311-18-04	jom8992	testfsgen	8	0.013	0


SYSTEM_START	-	m4311-18-04	m4311-18-04	2019-12-02 17:18:07


SYSTEM_INFO	CarMaker 7.0.2 - Car_Generic #280	fh@obelix.ipg 2018-09-12 13:21:17	(7.0.2 fh@obelix.ipg 2018-09-12 13:21:02)
SIM	1575303488	m4311-18-04	jom8992	testfsgen	1	20.197	517.749


SYSTEM_START	-	m4311-18-04	m4311-18-04	2019-12-02 17:18:35


SYSTEM_INFO	CarMaker 7.0.2 - Car_Generic #280	fh@obelix.ipg 2018-09-12 13:21:17	(7.0.2 fh@obelix.ipg 2018-09-12 13:21:02)
SIM	1575303515	m4311-18-04	jom8992	testfsgen	0	176.635	3557.66


SYSTEM_START	-	m4311-18-04	m4311-18-04	2019-12-02 17:20:49


SYSTEM_INFO	CarMaker 7.0.2 - Car_Generic #280	fh@obelix.ipg 2018-09-12 13:21:17	(7.0.2 fh@obelix.ipg 2018-09-12 13:21:02)
SIM	1575303650	m4311-18-04	jom8992	testfsgen	10	0	0


SYSTEM_START	-	m4311-18-04	m4311-18-04	2019-12-02 17:21:06


SYSTEM_INFO	CarMaker 7.0.2 - Car_Generic #280	fh@obelix.ipg 2018-09-12 13:21:17	(7.0.2 fh@obelix.ipg 2018-09-12 13:21:02)
SIM	1575303666	m4311-18-04	jom8992	testfsgen	10	0	0


SYSTEM_START	-	m4311-18-04	m4311-18-04	2019-12-02 17:21:11


SYSTEM_INFO	CarMaker 7.0.2 - Car_Generic #280	fh@obelix.ipg 2018-09-12 13:21:17	(7.0.2 fh@obelix.ipg 2018-09-12 13:21:02)
SIM	1575303671	m4311-18-04	jom8992	testfsgen	10	0	0


SYSTEM_START	-	m4311-18-04	m4311-18-04	2019-12-02 17:21:41


SYSTEM_INFO	CarMaker 7.0.2 - Car_Generic #280	fh@obelix.ipg 2018-09-12 13:21:17	(7.0.2 fh@obelix.ipg 2018-09-12 13:21:02)
SIM	1575303701	m4311-18-04	jom8992	testfsgen	10	0	0


SYSTEM_START	-	m4311-18-04	m4311-18-04	2019-12-02 17:22:07


SYSTEM_INFO	CarMaker 7.0.2 - Car_Generic #280	fh@obelix.ipg 2018-09-12 13:21:17	(7.0.2 fh@obelix.ipg 2018-09-12 13:21:02)
SIM	1575303727	m4311-18-04	jom8992	testfsgen	0	11.66	197.996


SYSTEM_START	-	m4311-18-04	m4311-18-04	2019-12-02 17:23:20


SYSTEM_INFO	CarMaker 7.0.2 - Car_Generic #280	fh@obelix.ipg 2018-09-12 13:21:17	(7.0.2 fh@obelix.ipg 2018-09-12 13:21:02)
SIM	1575303800	m4311-18-04	jom8992	testfsgen	0	129.353	2617.55


SYSTEM_START	-	m4311-18-04	m4311-18-04	2019-12-02 17:26:11


SYSTEM_INFO	CarMaker 7.0.2 - Car_Generic #280	fh@obelix.ipg 2018-09-12 13:21:17	(7.0.2 fh@obelix.ipg 2018-09-12 13:21:02)
SIM	1575303971	m4311-18-04	jom8992	testfsgen	0	90.636	2482.42


SYSTEM_START	-	m4311-18-04	m4311-18-04	2019-12-02 17:27:17


SYSTEM_INFO	CarMaker 7.0.2 - Car_Generic #280	fh@obelix.ipg 2018-09-12 13:21:17	(7.0.2 fh@obelix.ipg 2018-09-12 13:21:02)
SIM	1575304037	m4311-18-04	jom8992	testfsgen	0	83.85	2742.08


SYSTEM_START	-	m4311-18-04	m4311-18-04	2019-12-02 17:28:10


SYSTEM_INFO	CarMaker 7.0.2 - Car_Generic #280	fh@obelix.ipg 2018-09-12 13:21:17	(7.0.2 fh@obelix.ipg 2018-09-12 13:21:02)
SIM	1575304090	m4311-18-04	jom8992	testfsgen	0	24.406	259.004


SYSTEM_START	-	m4311-18-04	m4311-18-04	2019-12-02 17:28:32


SYSTEM_INFO	CarMaker 7.0.2 - Car_Generic #280	fh@obelix.ipg 2018-09-12 13:21:17	(7.0.2 fh@obelix.ipg 2018-09-12 13:21:02)
SIM	1575304112	m4311-18-04	jom8992	testfsgen	0	39.458	426.382


SYSTEM_START	-	m4311-18-04	m4311-18-04	2019-12-02 17:29:02


SYSTEM_INFO	CarMaker 7.0.2 - Car_Generic #280	fh@obelix.ipg 2018-09-12 13:21:17	(7.0.2 fh@obelix.ipg 2018-09-12 13:21:02)
SIM	1575304142	m4311-18-04	jom8992	testfsgen	0	14.416	111.061


SYSTEM_START	-	m4311-18-04	m4311-18-04	2019-12-02 17:29:23


SYSTEM_INFO	CarMaker 7.0.2 - Car_Generic #280	fh@obelix.ipg 2018-09-12 13:21:17	(7.0.2 fh@obelix.ipg 2018-09-12 13:21:02)
SIM	1575304163	m4311-18-04	jom8992	testfsgen	0	45.545	740.638


SYSTEM_START	-	m4311-18-04	m4311-18-04	2019-12-02 17:46:25


SYSTEM_INFO	CarMaker 7.0.2 - Car_Generic #280	fh@obelix.ipg 2018-09-12 13:21:17	(7.0.2 fh@obelix.ipg 2018-09-12 13:21:02)
SIM	1575305185	m4311-18-04	jom8992	testfsgen	3	0	0


SYSTEM_START	-	m4311-18-04	m4311-18-04	2019-12-02 17:54:21


SYSTEM_INFO	CarMaker 7.0.2 - Car_Generic #280	fh@obelix.ipg 2018-09-12 13:21:17	(7.0.2 fh@obelix.ipg 2018-09-12 13:21:02)


SYSTEM_START	-	m4311-18-04	m4311-18-04	2019-12-02 18:00:54


SYSTEM_INFO	CarMaker 7.0.2 - Car_Generic #280	fh@obelix.ipg 2018-09-12 13:21:17	(7.0.2 fh@obelix.ipg 2018-09-12 13:21:02)
SIM	1575306055	m4311-18-04	jom8992	testfsgen	1	14.024	351.18


SYSTEM_START	-	m4311-18-04	m4311-18-04	2019-12-02 18:01:31


SYSTEM_INFO	CarMaker 7.0.2 - Car_Generic #280	fh@obelix.ipg 2018-09-12 13:21:17	(7.0.2 fh@obelix.ipg 2018-09-12 13:21:02)
SIM	1575306091	m4311-18-04	jom8992	testfsgen	1	14.388	358.187


SYSTEM_START	-	m4311-18-04	m4311-18-04	2019-12-02 18:02:25


SYSTEM_INFO	CarMaker 7.0.2 - Car_Generic #280	fh@obelix.ipg 2018-09-12 13:21:17	(7.0.2 fh@obelix.ipg 2018-09-12 13:21:02)
SIM	1575306145	m4311-18-04	jom8992	testfsgen	1	31.341	751.603


SYSTEM_START	-	m4311-18-04	m4311-18-04	2019-12-02 18:03:04


SYSTEM_INFO	CarMaker 7.0.2 - Car_Generic #280	fh@obelix.ipg 2018-09-12 13:21:17	(7.0.2 fh@obelix.ipg 2018-09-12 13:21:02)
SIM	1575306185	m4311-18-04	jom8992	testfsgen	0	76.643	1886.88


SYSTEM_START	-	m4311-18-04	m4311-18-04	2019-12-02 18:03:57


SYSTEM_INFO	CarMaker 7.0.2 - Car_Generic #280	fh@obelix.ipg 2018-09-12 13:21:17	(7.0.2 fh@obelix.ipg 2018-09-12 13:21:02)
SIM	1575306237	m4311-18-04	jom8992	testfsgen	1	31.341	751.603


SYSTEM_START	-	m4311-18-04	m4311-18-04	2019-12-02 18:04:47


SYSTEM_INFO	CarMaker 7.0.2 - Car_Generic #280	fh@obelix.ipg 2018-09-12 13:21:17	(7.0.2 fh@obelix.ipg 2018-09-12 13:21:02)
SIM	1575306287	m4311-18-04	jom8992	testfsgen	0	95.181	2349.74


SYSTEM_START	-	m4311-18-04	m4311-18-04	2019-12-02 18:18:01


SYSTEM_INFO	CarMaker 7.0.2 - Car_Generic #280	fh@obelix.ipg 2018-09-12 13:21:17	(7.0.2 fh@obelix.ipg 2018-09-12 13:21:02)
SIM	1575307082	m4311-18-04	jom8992	testfsgen	0	8.887	191.986


SYSTEM_START	-	m4311-18-04	m4311-18-04	2019-12-02 18:18:25


SYSTEM_INFO	CarMaker 7.0.2 - Car_Generic #280	fh@obelix.ipg 2018-09-12 13:21:17	(7.0.2 fh@obelix.ipg 2018-09-12 13:21:02)
SIM	1575307106	m4311-18-04	jom8992	testfsgen	3	0	0


SYSTEM_START	-	m4311-18-04	m4311-18-04	2019-12-02 18:19:14


SYSTEM_INFO	CarMaker 7.0.2 - Car_Generic #280	fh@obelix.ipg 2018-09-12 13:21:17	(7.0.2 fh@obelix.ipg 2018-09-12 13:21:02)
SIM	1575307154	m4311-18-04	jom8992	testfsgen	0	40.492	982.62


SYSTEM_START	-	m4311-18-04	m4311-18-04	2019-12-02 18:19:48


SYSTEM_INFO	CarMaker 7.0.2 - Car_Generic #280	fh@obelix.ipg 2018-09-12 13:21:17	(7.0.2 fh@obelix.ipg 2018-09-12 13:21:02)
SIM	1575307188	m4311-18-04	jom8992	testfsgen	0	31.686	1004.44


SYSTEM_START	-	m4311-18-04	m4311-18-04	2019-12-02 18:25:35


SYSTEM_INFO	CarMaker 7.0.2 - Car_Generic #277	fh@obelix.ipg 2018-09-12 13:21:04	(7.0.2 fh@obelix.ipg 2018-09-12 13:21:02)
SIM	1575307536	m4311-18-04			0	0	0
SIM	1575307541	m4311-18-04	jom8992	unknown	0	30	493.658
SIM	1575307579	m4311-18-04	jom8992	unknown	0	873.3	29034.9
SIM	1575307636	m4311-18-04	jom8992	unknown	1	25.105	887.262
SIM	1575307702	m4311-18-04	jom8992	unknown	0	9.562	44.5168
SIM	1575307728	m4311-18-04	jom8992	unknown	0	2.498	3.0498


SYSTEM_START	-	m4311-18-04	m4311-18-04	2019-12-02 19:04:39


SYSTEM_INFO	CarMaker 7.0.2 - Car_Generic #280	fh@obelix.ipg 2018-09-12 13:21:17	(7.0.2 fh@obelix.ipg 2018-09-12 13:21:02)
SIM	1575309879	m4311-18-04	jom8992	testfsgen	1	16.876	387.455


SYSTEM_START	-	m4311-18-04	m4311-18-04	2019-12-02 19:06:26


SYSTEM_INFO	CarMaker 7.0.2 - Car_Generic #280	fh@obelix.ipg 2018-09-12 13:21:17	(7.0.2 fh@obelix.ipg 2018-09-12 13:21:02)
SIM	1575309986	m4311-18-04	jom8992	testfsgen	1	19.07	433.994


SYSTEM_START	-	m4311-18-04	m4311-18-04	2019-12-02 19:07:12


SYSTEM_INFO	CarMaker 7.0.2 - Car_Generic #280	fh@obelix.ipg 2018-09-12 13:21:17	(7.0.2 fh@obelix.ipg 2018-09-12 13:21:02)
SIM	1575310033	m4311-18-04	jom8992	testfsgen	0	61.941	1022.37


SYSTEM_START	-	m4311-18-04	m4311-18-04	2019-12-02 19:08:18


SYSTEM_INFO	CarMaker 7.0.2 - Car_Generic #280	fh@obelix.ipg 2018-09-12 13:21:17	(7.0.2 fh@obelix.ipg 2018-09-12 13:21:02)
SIM	1575310098	m4311-18-04	jom8992	testfsgen	0	90.566	1507.95


SYSTEM_START	-	m4311-18-04	m4311-18-04	2019-12-02 19:09:16


SYSTEM_INFO	CarMaker 7.0.2 - Car_Generic #280	fh@obelix.ipg 2018-09-12 13:21:17	(7.0.2 fh@obelix.ipg 2018-09-12 13:21:02)
SIM	1575310156	m4311-18-04	jom8992	testfsgen	0	66.798	1175.33


SYSTEM_START	-	m4311-18-04	m4311-18-04	2019-12-02 19:09:57


SYSTEM_INFO	CarMaker 7.0.2 - Car_Generic #280	fh@obelix.ipg 2018-09-12 13:21:17	(7.0.2 fh@obelix.ipg 2018-09-12 13:21:02)
SIM	1575310197	m4311-18-04	jom8992	testfsgen	0	79.062	1501.36


SYSTEM_START	-	m4311-18-04	m4311-18-04	2019-12-02 19:11:02


SYSTEM_INFO	CarMaker 7.0.2 - Car_Generic #280	fh@obelix.ipg 2018-09-12 13:21:17	(7.0.2 fh@obelix.ipg 2018-09-12 13:21:02)
SIM	1575310262	m4311-18-04	jom8992	testfsgen	0	23.307	571.535


SYSTEM_START	-	m4311-18-04	m4311-18-04	2019-12-02 19:11:32


SYSTEM_INFO	CarMaker 7.0.2 - Car_Generic #280	fh@obelix.ipg 2018-09-12 13:21:17	(7.0.2 fh@obelix.ipg 2018-09-12 13:21:02)
SIM	1575310292	m4311-18-04	jom8992	testfsgen	1	37.109	866.58


SYSTEM_START	-	m4311-18-04	m4311-18-04	2019-12-02 19:12:09


SYSTEM_INFO	CarMaker 7.0.2 - Car_Generic #280	fh@obelix.ipg 2018-09-12 13:21:17	(7.0.2 fh@obelix.ipg 2018-09-12 13:21:02)
SIM	1575310329	m4311-18-04	jom8992	testfsgen	1	39.33	874.275


SYSTEM_START	-	m4311-18-04	m4311-18-04	2019-12-02 19:12:46


SYSTEM_INFO	CarMaker 7.0.2 - Car_Generic #280	fh@obelix.ipg 2018-09-12 13:21:17	(7.0.2 fh@obelix.ipg 2018-09-12 13:21:02)
SIM	1575310366	m4311-18-04	jom8992	testfsgen	1	42.021	885.726


SYSTEM_START	-	m4311-18-04	m4311-18-04	2019-12-02 19:13:31


SYSTEM_INFO	CarMaker 7.0.2 - Car_Generic #280	fh@obelix.ipg 2018-09-12 13:21:17	(7.0.2 fh@obelix.ipg 2018-09-12 13:21:02)
SIM	1575310411	m4311-18-04	jom8992	testfsgen	1	43.243	891.322


SYSTEM_START	-	m4311-18-04	m4311-18-04	2019-12-02 19:14:09


SYSTEM_INFO	CarMaker 7.0.2 - Car_Generic #280	fh@obelix.ipg 2018-09-12 13:21:17	(7.0.2 fh@obelix.ipg 2018-09-12 13:21:02)
SIM	1575310450	m4311-18-04	jom8992	testfsgen	1	44.786	902.193


SYSTEM_START	-	m4311-18-04	m4311-18-04	2019-12-02 19:14:45


SYSTEM_INFO	CarMaker 7.0.2 - Car_Generic #280	fh@obelix.ipg 2018-09-12 13:21:17	(7.0.2 fh@obelix.ipg 2018-09-12 13:21:02)
SIM	1575310486	m4311-18-04	jom8992	testfsgen	0	45.848	912.973


SYSTEM_START	-	m4311-18-04	m4311-18-04	2019-12-02 19:15:31


SYSTEM_INFO	CarMaker 7.0.2 - Car_Generic #280	fh@obelix.ipg 2018-09-12 13:21:17	(7.0.2 fh@obelix.ipg 2018-09-12 13:21:02)
SIM	1575310531	m4311-18-04	jom8992	testfsgen	0	12.734	218.147


SYSTEM_START	-	m4311-18-04	m4311-18-04	2019-12-02 19:15:52


SYSTEM_INFO	CarMaker 7.0.2 - Car_Generic #280	fh@obelix.ipg 2018-09-12 13:21:17	(7.0.2 fh@obelix.ipg 2018-09-12 13:21:02)
SIM	1575310553	m4311-18-04	jom8992	testfsgen	0	26.294	493.692


SYSTEM_START	-	m4311-18-04	m4311-18-04	2019-12-02 19:16:51


SYSTEM_INFO	CarMaker 7.0.2 - Car_Generic #280	fh@obelix.ipg 2018-09-12 13:21:17	(7.0.2 fh@obelix.ipg 2018-09-12 13:21:02)
SIM	1575310611	m4311-18-04	jom8992	testfsgen	1	7.176	102.243


SYSTEM_START	-	m4311-18-04	m4311-18-04	2019-12-02 19:17:53


SYSTEM_INFO	CarMaker 7.0.2 - Car_Generic #280	fh@obelix.ipg 2018-09-12 13:21:17	(7.0.2 fh@obelix.ipg 2018-09-12 13:21:02)
SIM	1575310673	m4311-18-04	jom8992	testfsgen	0	50.594	985.971


SYSTEM_START	-	m4311-18-04	m4311-18-04	2019-12-02 19:18:36


SYSTEM_INFO	CarMaker 7.0.2 - Car_Generic #280	fh@obelix.ipg 2018-09-12 13:21:17	(7.0.2 fh@obelix.ipg 2018-09-12 13:21:02)
SIM	1575310716	m4311-18-04	jom8992	testfsgen	0	48.465	955.03


SYSTEM_START	-	m4311-18-04	m4311-18-04	2019-12-02 19:19:11


SYSTEM_INFO	CarMaker 7.0.2 - Car_Generic #280	fh@obelix.ipg 2018-09-12 13:21:17	(7.0.2 fh@obelix.ipg 2018-09-12 13:21:02)
SIM	1575310751	m4311-18-04	jom8992	testfsgen	0	49.027	978.812


SYSTEM_START	-	m4311-18-04	m4311-18-04	2019-12-02 19:19:49


SYSTEM_INFO	CarMaker 7.0.2 - Car_Generic #280	fh@obelix.ipg 2018-09-12 13:21:17	(7.0.2 fh@obelix.ipg 2018-09-12 13:21:02)
SIM	1575310789	m4311-18-04	jom8992	testfsgen	0	46.793	944.116


SYSTEM_START	-	m4311-18-04	m4311-18-04	2019-12-02 19:20:27


SYSTEM_INFO	CarMaker 7.0.2 - Car_Generic #280	fh@obelix.ipg 2018-09-12 13:21:17	(7.0.2 fh@obelix.ipg 2018-09-12 13:21:02)
SIM	1575310827	m4311-18-04	jom8992	testfsgen	1	44.786	902.193


SYSTEM_START	-	m4311-18-04	m4311-18-04	2019-12-02 19:22:26


SYSTEM_INFO	CarMaker 7.0.2 - Car_Generic #280	fh@obelix.ipg 2018-09-12 13:21:17	(7.0.2 fh@obelix.ipg 2018-09-12 13:21:02)
SIM	1575310947	m4311-18-04	jom8992	testfsgen	0	46.953	947.494


SYSTEM_START	-	m4311-18-04	m4311-18-04	2019-12-02 19:23:04


SYSTEM_INFO	CarMaker 7.0.2 - Car_Generic #280	fh@obelix.ipg 2018-09-12 13:21:17	(7.0.2 fh@obelix.ipg 2018-09-12 13:21:02)
SIM	1575310984	m4311-18-04	jom8992	testfsgen	1	46.864	940.451


SYSTEM_START	-	m4311-18-04	m4311-18-04	2019-12-02 19:23:50


SYSTEM_INFO	CarMaker 7.0.2 - Car_Generic #280	fh@obelix.ipg 2018-09-12 13:21:17	(7.0.2 fh@obelix.ipg 2018-09-12 13:21:02)
SIM	1575311031	m4311-18-04	jom8992	testfsgen	0	2.893	20.4761


SYSTEM_START	-	m4311-18-04	m4311-18-04	2019-12-02 19:24:04


SYSTEM_INFO	CarMaker 7.0.2 - Car_Generic #280	fh@obelix.ipg 2018-09-12 13:21:17	(7.0.2 fh@obelix.ipg 2018-09-12 13:21:02)
SIM	1575311044	m4311-18-04	jom8992	testfsgen	0	47.597	937.384


SYSTEM_START	-	m4311-18-04	m4311-18-04	2019-12-02 19:24:40


SYSTEM_INFO	CarMaker 7.0.2 - Car_Generic #280	fh@obelix.ipg 2018-09-12 13:21:17	(7.0.2 fh@obelix.ipg 2018-09-12 13:21:02)
SIM	1575311080	m4311-18-04	jom8992	testfsgen	1	44.786	902.193


SYSTEM_START	-	m4311-18-04	m4311-18-04	2019-12-02 19:25:15


SYSTEM_INFO	CarMaker 7.0.2 - Car_Generic #280	fh@obelix.ipg 2018-09-12 13:21:17	(7.0.2 fh@obelix.ipg 2018-09-12 13:21:02)
SIM	1575311116	m4311-18-04	jom8992	testfsgen	0	48.242	974.709


SYSTEM_START	-	m4311-18-04	m4311-18-04	2019-12-02 19:25:54


SYSTEM_INFO	CarMaker 7.0.2 - Car_Generic #280	fh@obelix.ipg 2018-09-12 13:21:17	(7.0.2 fh@obelix.ipg 2018-09-12 13:21:02)
SIM	1575311154	m4311-18-04	jom8992	testfsgen	0	46.405	934.562
