

SYSTEM_START	-	m4311-18-03	m4311-18-03	2019-11-19 10:58:13


SYSTEM_INFO	CarMaker 7.0.2 - Car_Generic #280	fh@obelix.ipg 2018-09-12 13:21:17	(7.0.2 fh@obelix.ipg 2018-09-12 13:21:02)


SYSTEM_START	-	m4311-18-03	m4311-18-03	2019-11-21 13:05:14


SYSTEM_INFO	CarMaker 7.0.2 - Car_Generic #280	fh@obelix.ipg 2018-09-12 13:21:17	(7.0.2 fh@obelix.ipg 2018-09-12 13:21:02)
SIM	1574337916	m4311-18-03	ki.9163	unknown	0	30.012	145.11


SYSTEM_START	-	m4311-18-03	m4311-18-03	2019-11-21 13:10:29


SYSTEM_INFO	CarMaker 7.0.2 - Car_Generic #280	fh@obelix.ipg 2018-09-12 13:21:17	(7.0.2 fh@obelix.ipg 2018-09-12 13:21:02)
SIM	1574338229	m4311-18-03	ki.9163	unknown	0	30.012	145.11


SYSTEM_START	-	m4311-18-03	m4311-18-03	2019-11-21 13:12:00


SYSTEM_INFO	CarMaker 7.0.2 - Car_Generic #280	fh@obelix.ipg 2018-09-12 13:21:17	(7.0.2 fh@obelix.ipg 2018-09-12 13:21:02)
SIM	1574338320	m4311-18-03	ki.9163	unknown	0	30.012	145.11


SYSTEM_START	-	m4311-18-03	m4311-18-03	2019-11-21 13:13:05


SYSTEM_INFO	CarMaker 7.0.2 - Car_Generic #280	fh@obelix.ipg 2018-09-12 13:21:17	(7.0.2 fh@obelix.ipg 2018-09-12 13:21:02)
SIM	1574338385	m4311-18-03	ki.9163	unknown	0	30.012	145.11


SYSTEM_START	-	m4311-18-03	m4311-18-03	2019-11-21 13:13:36


SYSTEM_INFO	CarMaker 7.0.2 - Car_Generic #280	fh@obelix.ipg 2018-09-12 13:21:17	(7.0.2 fh@obelix.ipg 2018-09-12 13:21:02)
SIM	1574338416	m4311-18-03	ki.9163	unknown	0	30.012	145.11


SYSTEM_START	-	m4311-18-03	m4311-18-03	2019-11-21 13:14:01


SYSTEM_INFO	CarMaker 7.0.2 - Car_Generic #280	fh@obelix.ipg 2018-09-12 13:21:17	(7.0.2 fh@obelix.ipg 2018-09-12 13:21:02)
SIM	1574338441	m4311-18-03	ki.9163	unknown	0	30.012	145.11


SYSTEM_START	-	m4311-18-03	m4311-18-03	2019-11-21 13:15:40


SYSTEM_INFO	CarMaker 7.0.2 - Car_Generic #280	fh@obelix.ipg 2018-09-12 13:21:17	(7.0.2 fh@obelix.ipg 2018-09-12 13:21:02)
SIM	1574338540	m4311-18-03	ki.9163	unknown	0	19.758	86.4317


SYSTEM_START	-	m4311-18-03	m4311-18-03	2019-11-21 13:16:05


SYSTEM_INFO	CarMaker 7.0.2 - Car_Generic #280	fh@obelix.ipg 2018-09-12 13:21:17	(7.0.2 fh@obelix.ipg 2018-09-12 13:21:02)
SIM	1574338565	m4311-18-03	ki.9163	unknown	0	30.012	145.11


SYSTEM_START	-	m4311-18-03	m4311-18-03	2019-11-21 13:17:57


SYSTEM_INFO	CarMaker 7.0.2 - Car_Generic #280	fh@obelix.ipg 2018-09-12 13:21:17	(7.0.2 fh@obelix.ipg 2018-09-12 13:21:02)
SIM	1574338677	m4311-18-03	ki.9163	unknown	0	15.371	62.7593


SYSTEM_START	-	m4311-18-03	m4311-18-03	2019-11-21 13:18:15


SYSTEM_INFO	CarMaker 7.0.2 - Car_Generic #280	fh@obelix.ipg 2018-09-12 13:21:17	(7.0.2 fh@obelix.ipg 2018-09-12 13:21:02)
SIM	1574338695	m4311-18-03	ki.9163	unknown	0	30.012	145.11


SYSTEM_START	-	m4311-18-03	m4311-18-03	2019-11-21 13:23:42


SYSTEM_INFO	CarMaker 7.0.2 - Car_Generic #280	fh@obelix.ipg 2018-09-12 13:21:17	(7.0.2 fh@obelix.ipg 2018-09-12 13:21:02)
SIM	1574339022	m4311-18-03	ki.9163	unknown	0	30.012	145.11


SYSTEM_START	-	m4311-18-03	m4311-18-03	2019-11-21 13:24:52


SYSTEM_INFO	CarMaker 7.0.2 - Car_Generic #280	fh@obelix.ipg 2018-09-12 13:21:17	(7.0.2 fh@obelix.ipg 2018-09-12 13:21:02)
SIM	1574339092	m4311-18-03	ki.9163	unknown	0	9.146	28.2096


SYSTEM_START	-	m4311-18-03	m4311-18-03	2019-11-21 13:25:23


SYSTEM_INFO	CarMaker 7.0.2 - Car_Generic #280	fh@obelix.ipg 2018-09-12 13:21:17	(7.0.2 fh@obelix.ipg 2018-09-12 13:21:02)
SIM	1574339123	m4311-18-03	ki.9163	unknown	0	30.012	145.11


SYSTEM_START	-	m4311-18-03	m4311-18-03	2019-11-21 13:34:10


SYSTEM_INFO	CarMaker 7.0.2 - Car_Generic #280	fh@obelix.ipg 2018-09-12 13:21:17	(7.0.2 fh@obelix.ipg 2018-09-12 13:21:02)
SIM	1574339650	m4311-18-03	ki.9163	unknown	0	30.012	145.11


SYSTEM_START	-	m4311-18-03	m4311-18-03	2019-11-21 13:34:57


SYSTEM_INFO	CarMaker 7.0.2 - Car_Generic #280	fh@obelix.ipg 2018-09-12 13:21:17	(7.0.2 fh@obelix.ipg 2018-09-12 13:21:02)
SIM	1574339697	m4311-18-03	ki.9163	unknown	1	3.304	30.3215


SYSTEM_START	-	m4311-18-03	m4311-18-03	2019-11-21 13:35:17


SYSTEM_INFO	CarMaker 7.0.2 - Car_Generic #280	fh@obelix.ipg 2018-09-12 13:21:17	(7.0.2 fh@obelix.ipg 2018-09-12 13:21:02)
SIM	1574339717	m4311-18-03	ki.9163	unknown	1	3.304	30.3215


SYSTEM_START	-	m4311-18-03	m4311-18-03	2019-11-21 13:38:07


SYSTEM_INFO	CarMaker 7.0.2 - Car_Generic #280	fh@obelix.ipg 2018-09-12 13:21:17	(7.0.2 fh@obelix.ipg 2018-09-12 13:21:02)
SIM	1574339888	m4311-18-03	ki.9163	unknown	0	30.012	145.113


SYSTEM_START	-	m4311-18-03	m4311-18-03	2019-11-21 13:40:37


SYSTEM_INFO	CarMaker 7.0.2 - Car_Generic #280	fh@obelix.ipg 2018-09-12 13:21:17	(7.0.2 fh@obelix.ipg 2018-09-12 13:21:02)
SIM	1574340037	m4311-18-03	ki.9163	unknown	1	2.677	4.93942


SYSTEM_START	-	m4311-18-03	m4311-18-03	2019-11-21 13:42:15


SYSTEM_INFO	CarMaker 7.0.2 - Car_Generic #280	fh@obelix.ipg 2018-09-12 13:21:17	(7.0.2 fh@obelix.ipg 2018-09-12 13:21:02)
SIM	1574340135	m4311-18-03	ki.9163	unknown	0	30.012	145.11


SYSTEM_START	-	m4311-18-03	m4311-18-03	2019-11-21 13:43:26


SYSTEM_INFO	CarMaker 7.0.2 - Car_Generic #280	fh@obelix.ipg 2018-09-12 13:21:17	(7.0.2 fh@obelix.ipg 2018-09-12 13:21:02)
SIM	1574340206	m4311-18-03	ki.9163	unknown	0	30.012	145.11


SYSTEM_START	-	m4311-18-03	m4311-18-03	2019-11-21 13:45:50


SYSTEM_INFO	CarMaker 7.0.2 - Car_Generic #280	fh@obelix.ipg 2018-09-12 13:21:17	(7.0.2 fh@obelix.ipg 2018-09-12 13:21:02)
SIM	1574340350	m4311-18-03	ki.9163	unknown	0	30.012	145.11


SYSTEM_START	-	m4311-18-03	m4311-18-03	2019-11-21 13:48:09


SYSTEM_INFO	CarMaker 7.0.2 - Car_Generic #280	fh@obelix.ipg 2018-09-12 13:21:17	(7.0.2 fh@obelix.ipg 2018-09-12 13:21:02)
SIM	1574340489	m4311-18-03	ki.9163	unknown	0	30.012	145.11


SYSTEM_START	-	m4311-18-03	m4311-18-03	2019-11-21 13:49:27


SYSTEM_INFO	CarMaker 7.0.2 - Car_Generic #280	fh@obelix.ipg 2018-09-12 13:21:17	(7.0.2 fh@obelix.ipg 2018-09-12 13:21:02)
SIM	1574340567	m4311-18-03	ki.9163	unknown	0	30.012	803.128


SYSTEM_START	-	m4311-18-03	m4311-18-03	2019-11-21 13:52:48


SYSTEM_INFO	CarMaker 7.0.2 - Car_Generic #280	fh@obelix.ipg 2018-09-12 13:21:17	(7.0.2 fh@obelix.ipg 2018-09-12 13:21:02)
SIM	1574340768	m4311-18-03	ki.9163	unknown	0	14.466	159.884


SYSTEM_START	-	m4311-18-03	m4311-18-03	2019-11-21 13:53:24


SYSTEM_INFO	CarMaker 7.0.2 - Car_Generic #280	fh@obelix.ipg 2018-09-12 13:21:17	(7.0.2 fh@obelix.ipg 2018-09-12 13:21:02)
SIM	1574340805	m4311-18-03	ki.9163	unknown	0	11.447	155.892


SYSTEM_START	-	m4311-18-03	m4311-18-03	2019-11-21 13:53:51


SYSTEM_INFO	CarMaker 7.0.2 - Car_Generic #280	fh@obelix.ipg 2018-09-12 13:21:17	(7.0.2 fh@obelix.ipg 2018-09-12 13:21:02)
SIM	1574340831	m4311-18-03	ki.9163	unknown	0	23.432	369.59


SYSTEM_START	-	m4311-18-03	m4311-18-03	2019-11-21 13:54:42


SYSTEM_INFO	CarMaker 7.0.2 - Car_Generic #280	fh@obelix.ipg 2018-09-12 13:21:17	(7.0.2 fh@obelix.ipg 2018-09-12 13:21:02)
SIM	1574340883	m4311-18-03	ki.9163	unknown	0	23.432	369.59


SYSTEM_START	-	m4311-18-03	m4311-18-03	2019-11-21 13:57:52


SYSTEM_INFO	CarMaker 7.0.2 - Car_Generic #280	fh@obelix.ipg 2018-09-12 13:21:17	(7.0.2 fh@obelix.ipg 2018-09-12 13:21:02)
SIM	1574341072	m4311-18-03	ki.9163	unknown	0	23.432	369.59


SYSTEM_START	-	m4311-18-03	m4311-18-03	2019-11-21 13:58:52


SYSTEM_INFO	CarMaker 7.0.2 - Car_Generic #280	fh@obelix.ipg 2018-09-12 13:21:17	(7.0.2 fh@obelix.ipg 2018-09-12 13:21:02)
SIM	1574341132	m4311-18-03	ki.9163	unknown	0	23.432	369.59


SYSTEM_START	-	m4311-18-03	m4311-18-03	2019-11-21 14:02:06


SYSTEM_INFO	CarMaker 7.0.2 - Car_Generic #280	fh@obelix.ipg 2018-09-12 13:21:17	(7.0.2 fh@obelix.ipg 2018-09-12 13:21:02)
SIM	1574341326	m4311-18-03	ki.9163	unknown	0	23.432	369.59


SYSTEM_START	-	m4311-18-03	m4311-18-03	2019-11-21 14:19:47


SYSTEM_INFO	CarMaker 7.0.2 - Car_Generic #280	fh@obelix.ipg 2018-09-12 13:21:17	(7.0.2 fh@obelix.ipg 2018-09-12 13:21:02)
SIM	1574342387	m4311-18-03	ki.9163	unknown	0	30.012	521.893


SYSTEM_START	-	m4311-18-03	m4311-18-03	2019-11-21 14:21:27


SYSTEM_INFO	CarMaker 7.0.2 - Car_Generic #280	fh@obelix.ipg 2018-09-12 13:21:17	(7.0.2 fh@obelix.ipg 2018-09-12 13:21:02)
SIM	1574342487	m4311-18-03	ki.9163	unknown	0	30.012	521.893


SYSTEM_START	-	m4311-18-03	m4311-18-03	2019-11-21 14:22:57


SYSTEM_INFO	CarMaker 7.0.2 - Car_Generic #280	fh@obelix.ipg 2018-09-12 13:21:17	(7.0.2 fh@obelix.ipg 2018-09-12 13:21:02)
SIM	1574342577	m4311-18-03	ki.9163	unknown	0	30.012	521.893


SYSTEM_START	-	m4311-18-03	m4311-18-03	2019-11-21 14:25:25


SYSTEM_INFO	CarMaker 7.0.2 - Car_Generic #280	fh@obelix.ipg 2018-09-12 13:21:17	(7.0.2 fh@obelix.ipg 2018-09-12 13:21:02)
SIM	1574342725	m4311-18-03	ki.9163	unknown	2	0	0


SYSTEM_START	-	m4311-18-03	m4311-18-03	2019-11-21 14:26:38


SYSTEM_INFO	CarMaker 7.0.2 - Car_Generic #280	fh@obelix.ipg 2018-09-12 13:21:17	(7.0.2 fh@obelix.ipg 2018-09-12 13:21:02)
SIM	1574342798	m4311-18-03	ki.9163	unknown	2	0	0


SYSTEM_START	-	m4311-18-03	m4311-18-03	2019-11-21 14:27:09


SYSTEM_INFO	CarMaker 7.0.2 - Car_Generic #280	fh@obelix.ipg 2018-09-12 13:21:17	(7.0.2 fh@obelix.ipg 2018-09-12 13:21:02)
SIM	1574342829	m4311-18-03	ki.9163	unknown	0	30.012	521.893


SYSTEM_START	-	m4311-18-03	m4311-18-03	2019-11-21 14:28:02


SYSTEM_INFO	CarMaker 7.0.2 - Car_Generic #280	fh@obelix.ipg 2018-09-12 13:21:17	(7.0.2 fh@obelix.ipg 2018-09-12 13:21:02)
SIM	1574342882	m4311-18-03	ki.9163	unknown	0	30.012	521.893


SYSTEM_START	-	m4311-18-03	m4311-18-03	2019-11-21 14:30:14


SYSTEM_INFO	CarMaker 7.0.2 - Car_Generic #280	fh@obelix.ipg 2018-09-12 13:21:17	(7.0.2 fh@obelix.ipg 2018-09-12 13:21:02)
SIM	1574343014	m4311-18-03	ki.9163	unknown	0	29.86	518.908


SYSTEM_START	-	m4311-18-03	m4311-18-03	2019-11-21 14:30:56


SYSTEM_INFO	CarMaker 7.0.2 - Car_Generic #280	fh@obelix.ipg 2018-09-12 13:21:17	(7.0.2 fh@obelix.ipg 2018-09-12 13:21:02)
SIM	1574343056	m4311-18-03	ki.9163	unknown	0	30.012	521.893


SYSTEM_START	-	m4311-18-03	m4311-18-03	2019-11-21 14:33:52


SYSTEM_INFO	CarMaker 7.0.2 - Car_Generic #280	fh@obelix.ipg 2018-09-12 13:21:17	(7.0.2 fh@obelix.ipg 2018-09-12 13:21:02)
SIM	1574343232	m4311-18-03	ki.9163	unknown	0	30.012	521.893


SYSTEM_START	-	m4311-18-03	m4311-18-03	2019-11-21 14:36:00


SYSTEM_INFO	CarMaker 7.0.2 - Car_Generic #280	fh@obelix.ipg 2018-09-12 13:21:17	(7.0.2 fh@obelix.ipg 2018-09-12 13:21:02)
SIM	1574343361	m4311-18-03	ki.9163	unknown	0	30.012	521.893


SYSTEM_START	-	m4311-18-03	m4311-18-03	2019-11-21 14:38:32


SYSTEM_INFO	CarMaker 7.0.2 - Car_Generic #280	fh@obelix.ipg 2018-09-12 13:21:17	(7.0.2 fh@obelix.ipg 2018-09-12 13:21:02)
SIM	1574343512	m4311-18-03	ki.9163	unknown	0	30.012	541.002


SYSTEM_START	-	m4311-18-03	m4311-18-03	2019-11-21 14:40:39


SYSTEM_INFO	CarMaker 7.0.2 - Car_Generic #280	fh@obelix.ipg 2018-09-12 13:21:17	(7.0.2 fh@obelix.ipg 2018-09-12 13:21:02)
SIM	1574343639	m4311-18-03	ki.9163	unknown	0	30.012	541.002


SYSTEM_START	-	m4311-18-03	m4311-18-03	2019-11-21 14:42:51


SYSTEM_INFO	CarMaker 7.0.2 - Car_Generic #280	fh@obelix.ipg 2018-09-12 13:21:17	(7.0.2 fh@obelix.ipg 2018-09-12 13:21:02)
SIM	1574343771	m4311-18-03	ki.9163	unknown	0	30.012	541.002


SYSTEM_START	-	m4311-18-03	m4311-18-03	2019-11-21 14:44:53


SYSTEM_INFO	CarMaker 7.0.2 - Car_Generic #280	fh@obelix.ipg 2018-09-12 13:21:17	(7.0.2 fh@obelix.ipg 2018-09-12 13:21:02)
SIM	1574343893	m4311-18-03	ki.9163	unknown	0	30.012	541.002


SYSTEM_START	-	m4311-18-03	m4311-18-03	2019-11-25 14:21:52


SYSTEM_INFO	CarMaker 7.0.2 - Car_Generic #280	fh@obelix.ipg 2018-09-12 13:21:17	(7.0.2 fh@obelix.ipg 2018-09-12 13:21:02)
SIM	1574688113	m4311-18-03	ki.9163	unknown	0	54.709	995.479


SYSTEM_START	-	m4311-18-03	m4311-18-03	2019-11-25 14:33:27


SYSTEM_INFO	CarMaker 7.0.2 - Car_Generic #280	fh@obelix.ipg 2018-09-12 13:21:17	(7.0.2 fh@obelix.ipg 2018-09-12 13:21:02)
SIM	1574688807	m4311-18-03	ki.9163	unknown	0	60.012	1124.78


SYSTEM_START	-	m4311-18-03	m4311-18-03	2019-11-25 14:35:46


SYSTEM_INFO	CarMaker 7.0.2 - Car_Generic #280	fh@obelix.ipg 2018-09-12 13:21:17	(7.0.2 fh@obelix.ipg 2018-09-12 13:21:02)
SIM	1574688946	m4311-18-03	ki.9163	unknown	0	60.012	1124.78


SYSTEM_START	-	m4311-18-03	m4311-18-03	2019-11-25 14:56:17


SYSTEM_INFO	CarMaker 7.0.2 - Car_Generic #280	fh@obelix.ipg 2018-09-12 13:21:17	(7.0.2 fh@obelix.ipg 2018-09-12 13:21:02)
SIM	1574690177	m4311-18-03	ki.9163	unknown	0	60.012	1124.78


SYSTEM_START	-	m4311-18-03	m4311-18-03	2019-11-25 14:58:57


SYSTEM_INFO	CarMaker 7.0.2 - Car_Generic #280	fh@obelix.ipg 2018-09-12 13:21:17	(7.0.2 fh@obelix.ipg 2018-09-12 13:21:02)
SIM	1574690337	m4311-18-03	ki.9163	unknown	0	1.698	3.03079


SYSTEM_START	-	m4311-18-03	m4311-18-03	2019-11-25 14:59:11


SYSTEM_INFO	CarMaker 7.0.2 - Car_Generic #280	fh@obelix.ipg 2018-09-12 13:21:17	(7.0.2 fh@obelix.ipg 2018-09-12 13:21:02)
SIM	1574690351	m4311-18-03	ki.9163	unknown	0	60.012	1124.78


SYSTEM_START	-	m4311-18-03	m4311-18-03	2019-11-25 15:21:04


SYSTEM_INFO	CarMaker 7.0.2 - Car_Generic #280	fh@obelix.ipg 2018-09-12 13:21:17	(7.0.2 fh@obelix.ipg 2018-09-12 13:21:02)
SIM	1574691664	m4311-18-03	ki.9163	unknown	0	60.012	1124.78


SYSTEM_START	-	m4311-18-03	m4311-18-03	2019-11-25 15:22:58


SYSTEM_INFO	CarMaker 7.0.2 - Car_Generic #280	fh@obelix.ipg 2018-09-12 13:21:17	(7.0.2 fh@obelix.ipg 2018-09-12 13:21:02)
SIM	1574691778	m4311-18-03	ki.9163	unknown	0	60.012	1124.78


SYSTEM_START	-	m4311-18-03	m4311-18-03	2019-12-02 17:10:40


SYSTEM_INFO	CarMaker 7.0.2 - Car_Generic #277	fh@obelix.ipg 2018-09-12 13:21:04	(7.0.2 fh@obelix.ipg 2018-09-12 13:21:02)
SIM	1575303040	m4311-18-03			0	0	0
SIM	1575303043	m4311-18-03	mos4376	testfsgen	1	0	0
SIM	1575303135	m4311-18-03	mos4376	testfsgen	1	0	0
SIM	1575303207	m4311-18-03	mos4376	testfsgen	1	0	0


SYSTEM_START	-	m4311-18-03	m4311-18-03	2019-12-02 17:15:27


SYSTEM_INFO	CarMaker 7.0.2 - Car_Generic #280	fh@obelix.ipg 2018-09-12 13:21:17	(7.0.2 fh@obelix.ipg 2018-09-12 13:21:02)
