

SYSTEM_START	-	m4311-18-02	m4311-18-02	2019-12-02 16:20:18


SYSTEM_INFO	CarMaker 7.0.2 - Car_Generic #280	fh@obelix.ipg 2018-09-12 13:21:17	(7.0.2 fh@obelix.ipg 2018-09-12 13:21:02)


SYSTEM_START	-	m4311-18-02	m4311-18-02	2019-12-02 16:25:35


SYSTEM_INFO	CarMaker 7.0.2 - Car_Generic #280	fh@obelix.ipg 2018-09-12 13:21:17	(7.0.2 fh@obelix.ipg 2018-09-12 13:21:02)


SYSTEM_START	-	m4311-18-02	m4311-18-02	2019-12-04 15:12:01


SYSTEM_INFO	CarMaker 7.0.2 - Car_Generic #280	fh@obelix.ipg 2018-09-12 13:21:17	(7.0.2 fh@obelix.ipg 2018-09-12 13:21:02)
SIM	1575468722	m4311-18-02	bis0119	testfsgen	0	6.488	94.1036


SYSTEM_START	-	m4311-18-02	m4311-18-02	2019-12-04 15:12:22


SYSTEM_INFO	CarMaker 7.0.2 - Car_Generic #280	fh@obelix.ipg 2018-09-12 13:21:17	(7.0.2 fh@obelix.ipg 2018-09-12 13:21:02)
SIM	1575468742	m4311-18-02	bis0119	testfsgen	0	72.47	1457.08


SYSTEM_START	-	m4311-18-02	m4311-18-02	2019-12-04 15:21:32


SYSTEM_INFO	CarMaker 7.0.2 - Car_Generic #280	fh@obelix.ipg 2018-09-12 13:21:17	(7.0.2 fh@obelix.ipg 2018-09-12 13:21:02)
SIM	1575469292	m4311-18-02	bis0119	testfsgen	0	68.313	1394.26


SYSTEM_START	-	m4311-18-02	m4311-18-02	2019-12-04 15:23:20


SYSTEM_INFO	CarMaker 7.0.2 - Car_Generic #280	fh@obelix.ipg 2018-09-12 13:21:17	(7.0.2 fh@obelix.ipg 2018-09-12 13:21:02)
SIM	1575469400	m4311-18-02	bis0119	testfsgen	1	7.041	98.1289


SYSTEM_START	-	m4311-18-02	m4311-18-02	2019-12-04 15:23:43


SYSTEM_INFO	CarMaker 7.0.2 - Car_Generic #280	fh@obelix.ipg 2018-09-12 13:21:17	(7.0.2 fh@obelix.ipg 2018-09-12 13:21:02)
SIM	1575469423	m4311-18-02	bis0119	testfsgen	0	8.266	115.051


SYSTEM_START	-	m4311-18-02	m4311-18-02	2019-12-04 15:24:17


SYSTEM_INFO	CarMaker 7.0.2 - Car_Generic #280	fh@obelix.ipg 2018-09-12 13:21:17	(7.0.2 fh@obelix.ipg 2018-09-12 13:21:02)
SIM	1575469457	m4311-18-02	bis0119	testfsgen	0	109.009	2082.8


SYSTEM_START	-	m4311-18-02	m4311-18-02	2019-12-04 15:25:37


SYSTEM_INFO	CarMaker 7.0.2 - Car_Generic #280	fh@obelix.ipg 2018-09-12 13:21:17	(7.0.2 fh@obelix.ipg 2018-09-12 13:21:02)
SIM	1575469537	m4311-18-02	bis0119	testfsgen	0	72.525	1430.18


SYSTEM_START	-	m4311-18-02	m4311-18-02	2019-12-04 15:26:33


SYSTEM_INFO	CarMaker 7.0.2 - Car_Generic #280	fh@obelix.ipg 2018-09-12 13:21:17	(7.0.2 fh@obelix.ipg 2018-09-12 13:21:02)
SIM	1575469593	m4311-18-02	bis0119	testfsgen	0	71.339	1415.3


SYSTEM_START	-	m4311-18-02	m4311-18-02	2019-12-04 15:28:32


SYSTEM_INFO	CarMaker 7.0.2 - Car_Generic #280	fh@obelix.ipg 2018-09-12 13:21:17	(7.0.2 fh@obelix.ipg 2018-09-12 13:21:02)
SIM	1575469712	m4311-18-02	bis0119	testfsgen	0	79.457	1571.8


SYSTEM_START	-	m4311-18-02	m4311-18-02	2019-12-04 15:32:57


SYSTEM_INFO	CarMaker 7.0.2 - Car_Generic #280	fh@obelix.ipg 2018-09-12 13:21:17	(7.0.2 fh@obelix.ipg 2018-09-12 13:21:02)
SIM	1575469977	m4311-18-02	bis0119	testfsgen	0	120.244	2398.92


SYSTEM_START	-	m4311-18-02	m4311-18-02	2019-12-04 15:36:42


SYSTEM_INFO	CarMaker 7.0.2 - Car_Generic #280	fh@obelix.ipg 2018-09-12 13:21:17	(7.0.2 fh@obelix.ipg 2018-09-12 13:21:02)
SIM	1575470202	m4311-18-02	bis0119	testfsgen	1	7.087	101.914


SYSTEM_START	-	m4311-18-02	m4311-18-02	2019-12-04 15:37:35


SYSTEM_INFO	CarMaker 7.0.2 - Car_Generic #280	fh@obelix.ipg 2018-09-12 13:21:17	(7.0.2 fh@obelix.ipg 2018-09-12 13:21:02)
SIM	1575470255	m4311-18-02	bis0119	testfsgen	1	8.265	125.44


SYSTEM_START	-	m4311-18-02	m4311-18-02	2019-12-04 15:38:10


SYSTEM_INFO	CarMaker 7.0.2 - Car_Generic #280	fh@obelix.ipg 2018-09-12 13:21:17	(7.0.2 fh@obelix.ipg 2018-09-12 13:21:02)
SIM	1575470291	m4311-18-02	bis0119	testfsgen	0	22.952	424.998


SYSTEM_START	-	m4311-18-02	m4311-18-02	2019-12-04 15:38:34


SYSTEM_INFO	CarMaker 7.0.2 - Car_Generic #280	fh@obelix.ipg 2018-09-12 13:21:17	(7.0.2 fh@obelix.ipg 2018-09-12 13:21:02)
SIM	1575470314	m4311-18-02	bis0119	testfsgen	1	12.913	211.478


SYSTEM_START	-	m4311-18-02	m4311-18-02	2019-12-04 15:39:09


SYSTEM_INFO	CarMaker 7.0.2 - Car_Generic #280	fh@obelix.ipg 2018-09-12 13:21:17	(7.0.2 fh@obelix.ipg 2018-09-12 13:21:02)
SIM	1575470349	m4311-18-02	bis0119	testfsgen	1	8.572	119.363


SYSTEM_START	-	m4311-18-02	m4311-18-02	2019-12-04 15:39:29


SYSTEM_INFO	CarMaker 7.0.2 - Car_Generic #280	fh@obelix.ipg 2018-09-12 13:21:17	(7.0.2 fh@obelix.ipg 2018-09-12 13:21:02)
SIM	1575470369	m4311-18-02	bis0119	testfsgen	0	40.254	775.81


SYSTEM_START	-	m4311-18-02	m4311-18-02	2019-12-04 15:40:30


SYSTEM_INFO	CarMaker 7.0.2 - Car_Generic #280	fh@obelix.ipg 2018-09-12 13:21:17	(7.0.2 fh@obelix.ipg 2018-09-12 13:21:02)
SIM	1575470430	m4311-18-02	bis0119	testfsgen	0	36.586	701.435


SYSTEM_START	-	m4311-18-02	m4311-18-02	2019-12-04 15:41:45


SYSTEM_INFO	CarMaker 7.0.2 - Car_Generic #280	fh@obelix.ipg 2018-09-12 13:21:17	(7.0.2 fh@obelix.ipg 2018-09-12 13:21:02)
SIM	1575470505	m4311-18-02	bis0119	testfsgen	0	72.518	1429.86


SYSTEM_START	-	m4311-18-02	m4311-18-02	2019-12-04 15:42:41


SYSTEM_INFO	CarMaker 7.0.2 - Car_Generic #280	fh@obelix.ipg 2018-09-12 13:21:17	(7.0.2 fh@obelix.ipg 2018-09-12 13:21:02)
SIM	1575470561	m4311-18-02	bis0119	testfsgen	1	37.644	715.652


SYSTEM_START	-	m4311-18-02	m4311-18-02	2019-12-04 15:43:20


SYSTEM_INFO	CarMaker 7.0.2 - Car_Generic #280	fh@obelix.ipg 2018-09-12 13:21:17	(7.0.2 fh@obelix.ipg 2018-09-12 13:21:02)
SIM	1575470600	m4311-18-02	bis0119	testfsgen	0	40.193	774.643


SYSTEM_START	-	m4311-18-02	m4311-18-02	2019-12-04 15:44:01


SYSTEM_INFO	CarMaker 7.0.2 - Car_Generic #280	fh@obelix.ipg 2018-09-12 13:21:17	(7.0.2 fh@obelix.ipg 2018-09-12 13:21:02)
SIM	1575470641	m4311-18-02	bis0119	testfsgen	0	37.585	713.024


SYSTEM_START	-	m4311-18-02	m4311-18-02	2019-12-04 15:44:35


SYSTEM_INFO	CarMaker 7.0.2 - Car_Generic #280	fh@obelix.ipg 2018-09-12 13:21:17	(7.0.2 fh@obelix.ipg 2018-09-12 13:21:02)
SIM	1575470675	m4311-18-02	bis0119	testfsgen	0	40.018	751.915


SYSTEM_START	-	m4311-18-02	m4311-18-02	2019-12-04 15:45:09


SYSTEM_INFO	CarMaker 7.0.2 - Car_Generic #280	fh@obelix.ipg 2018-09-12 13:21:17	(7.0.2 fh@obelix.ipg 2018-09-12 13:21:02)
SIM	1575470709	m4311-18-02	bis0119	testfsgen	0	46.564	869.201


SYSTEM_START	-	m4311-18-02	m4311-18-02	2019-12-04 15:47:14


SYSTEM_INFO	CarMaker 7.0.2 - Car_Generic #280	fh@obelix.ipg 2018-09-12 13:21:17	(7.0.2 fh@obelix.ipg 2018-09-12 13:21:02)
SIM	1575470835	m4311-18-02	bis0119	testfsgen	0	37.136	713.11


SYSTEM_START	-	m4311-18-02	m4311-18-02	2019-12-04 15:47:50


SYSTEM_INFO	CarMaker 7.0.2 - Car_Generic #280	fh@obelix.ipg 2018-09-12 13:21:17	(7.0.2 fh@obelix.ipg 2018-09-12 13:21:02)
SIM	1575470870	m4311-18-02	bis0119	testfsgen	0	36.878	707.84


SYSTEM_START	-	m4311-18-02	m4311-18-02	2019-12-04 15:48:24


SYSTEM_INFO	CarMaker 7.0.2 - Car_Generic #280	fh@obelix.ipg 2018-09-12 13:21:17	(7.0.2 fh@obelix.ipg 2018-09-12 13:21:02)
SIM	1575470904	m4311-18-02	bis0119	testfsgen	0	38.258	736.092


SYSTEM_START	-	m4311-18-02	m4311-18-02	2019-12-04 15:49:03


SYSTEM_INFO	CarMaker 7.0.2 - Car_Generic #280	fh@obelix.ipg 2018-09-12 13:21:17	(7.0.2 fh@obelix.ipg 2018-09-12 13:21:02)
SIM	1575470943	m4311-18-02	bis0119	testfsgen	0	37.157	713.54


SYSTEM_START	-	m4311-18-02	m4311-18-02	2019-12-04 15:49:40


SYSTEM_INFO	CarMaker 7.0.2 - Car_Generic #280	fh@obelix.ipg 2018-09-12 13:21:17	(7.0.2 fh@obelix.ipg 2018-09-12 13:21:02)
SIM	1575470980	m4311-18-02	bis0119	testfsgen	0	36.224	694.62


SYSTEM_START	-	m4311-18-02	m4311-18-02	2019-12-04 15:50:50


SYSTEM_INFO	CarMaker 7.0.2 - Car_Generic #280	fh@obelix.ipg 2018-09-12 13:21:17	(7.0.2 fh@obelix.ipg 2018-09-12 13:21:02)
SIM	1575471050	m4311-18-02	bis0119	testfsgen	0	35.476	688.162


SYSTEM_START	-	m4311-18-02	m4311-18-02	2019-12-04 15:51:48


SYSTEM_INFO	CarMaker 7.0.2 - Car_Generic #280	fh@obelix.ipg 2018-09-12 13:21:17	(7.0.2 fh@obelix.ipg 2018-09-12 13:21:02)
SIM	1575471108	m4311-18-02	bis0119	testfsgen	0	26.593	505.876


SYSTEM_START	-	m4311-18-02	m4311-18-02	2019-12-04 15:53:03


SYSTEM_INFO	CarMaker 7.0.2 - Car_Generic #280	fh@obelix.ipg 2018-09-12 13:21:17	(7.0.2 fh@obelix.ipg 2018-09-12 13:21:02)
SIM	1575471183	m4311-18-02	bis0119	testfsgen	0	20.014	366.302


SYSTEM_START	-	m4311-18-02	m4311-18-02	2019-12-04 15:53:39


SYSTEM_INFO	CarMaker 7.0.2 - Car_Generic #280	fh@obelix.ipg 2018-09-12 13:21:17	(7.0.2 fh@obelix.ipg 2018-09-12 13:21:02)
SIM	1575471219	m4311-18-02	bis0119	testfsgen	0	49.977	972.963


SYSTEM_START	-	m4311-18-02	m4311-18-02	2019-12-04 15:55:46


SYSTEM_INFO	CarMaker 7.0.2 - Car_Generic #280	fh@obelix.ipg 2018-09-12 13:21:17	(7.0.2 fh@obelix.ipg 2018-09-12 13:21:02)
SIM	1575471346	m4311-18-02	bis0119	testfsgen	0	53.677	1048.18


SYSTEM_START	-	m4311-18-02	m4311-18-02	2019-12-04 15:58:46


SYSTEM_INFO	CarMaker 7.0.2 - Car_Generic #280	fh@obelix.ipg 2018-09-12 13:21:17	(7.0.2 fh@obelix.ipg 2018-09-12 13:21:02)
SIM	1575471526	m4311-18-02	bis0119	testfsgen	0	50.447	982.623


SYSTEM_START	-	m4311-18-02	m4311-18-02	2019-12-04 15:59:43


SYSTEM_INFO	CarMaker 7.0.2 - Car_Generic #280	fh@obelix.ipg 2018-09-12 13:21:17	(7.0.2 fh@obelix.ipg 2018-09-12 13:21:02)
SIM	1575471584	m4311-18-02	bis0119	testfsgen	0	48.149	936.1


SYSTEM_START	-	m4311-18-02	m4311-18-02	2019-12-04 16:00:52


SYSTEM_INFO	CarMaker 7.0.2 - Car_Generic #280	fh@obelix.ipg 2018-09-12 13:21:17	(7.0.2 fh@obelix.ipg 2018-09-12 13:21:02)
SIM	1575471652	m4311-18-02	bis0119	testfsgen	0	47.359	920.07


SYSTEM_START	-	m4311-18-02	m4311-18-02	2019-12-04 16:01:54


SYSTEM_INFO	CarMaker 7.0.2 - Car_Generic #280	fh@obelix.ipg 2018-09-12 13:21:17	(7.0.2 fh@obelix.ipg 2018-09-12 13:21:02)
SIM	1575471714	m4311-18-02	bis0119	testfsgen	0	47.073	914.324


SYSTEM_START	-	m4311-18-02	m4311-18-02	2019-12-04 16:02:49


SYSTEM_INFO	CarMaker 7.0.2 - Car_Generic #280	fh@obelix.ipg 2018-09-12 13:21:17	(7.0.2 fh@obelix.ipg 2018-09-12 13:21:02)
SIM	1575471769	m4311-18-02	bis0119	testfsgen	0	49.242	958.261


SYSTEM_START	-	m4311-18-02	m4311-18-02	2019-12-04 16:03:54


SYSTEM_INFO	CarMaker 7.0.2 - Car_Generic #280	fh@obelix.ipg 2018-09-12 13:21:17	(7.0.2 fh@obelix.ipg 2018-09-12 13:21:02)
SIM	1575471834	m4311-18-02	bis0119	testfsgen	1	13.042	222.791


SYSTEM_START	-	m4311-18-02	m4311-18-02	2019-12-04 16:04:43


SYSTEM_INFO	CarMaker 7.0.2 - Car_Generic #280	fh@obelix.ipg 2018-09-12 13:21:17	(7.0.2 fh@obelix.ipg 2018-09-12 13:21:02)
SIM	1575471883	m4311-18-02	bis0119	testfsgen	1	14.883	249.769


SYSTEM_START	-	m4311-18-02	m4311-18-02	2019-12-04 16:05:24


SYSTEM_INFO	CarMaker 7.0.2 - Car_Generic #280	fh@obelix.ipg 2018-09-12 13:21:17	(7.0.2 fh@obelix.ipg 2018-09-12 13:21:02)
SIM	1575471924	m4311-18-02	bis0119	testfsgen	0	39.008	765.483


SYSTEM_START	-	m4311-18-02	m4311-18-02	2019-12-04 16:06:22


SYSTEM_INFO	CarMaker 7.0.2 - Car_Generic #280	fh@obelix.ipg 2018-09-12 13:21:17	(7.0.2 fh@obelix.ipg 2018-09-12 13:21:02)
SIM	1575471982	m4311-18-02	bis0119	testfsgen	0	61.045	1197.53


SYSTEM_START	-	m4311-18-02	m4311-18-02	2019-12-04 16:07:50


SYSTEM_INFO	CarMaker 7.0.2 - Car_Generic #280	fh@obelix.ipg 2018-09-12 13:21:17	(7.0.2 fh@obelix.ipg 2018-09-12 13:21:02)
SIM	1575472070	m4311-18-02	bis0119	testfsgen	0	45.994	892.262


SYSTEM_START	-	m4311-18-02	m4311-18-02	2019-12-04 16:08:51


SYSTEM_INFO	CarMaker 7.0.2 - Car_Generic #280	fh@obelix.ipg 2018-09-12 13:21:17	(7.0.2 fh@obelix.ipg 2018-09-12 13:21:02)
SIM	1575472131	m4311-18-02	bis0119	testfsgen	0	45.081	867.836


SYSTEM_START	-	m4311-18-02	m4311-18-02	2019-12-04 16:09:46


SYSTEM_INFO	CarMaker 7.0.2 - Car_Generic #280	fh@obelix.ipg 2018-09-12 13:21:17	(7.0.2 fh@obelix.ipg 2018-09-12 13:21:02)
SIM	1575472186	m4311-18-02	bis0119	testfsgen	0	45.145	875.249


SYSTEM_START	-	m4311-18-02	m4311-18-02	2019-12-04 16:11:17


SYSTEM_INFO	CarMaker 7.0.2 - Car_Generic #280	fh@obelix.ipg 2018-09-12 13:21:17	(7.0.2 fh@obelix.ipg 2018-09-12 13:21:02)
SIM	1575472277	m4311-18-02	bis0119	testfsgen	0	46.132	895.29


SYSTEM_START	-	m4311-18-02	m4311-18-02	2019-12-04 16:15:13


SYSTEM_INFO	CarMaker 7.0.2 - Car_Generic #280	fh@obelix.ipg 2018-09-12 13:21:17	(7.0.2 fh@obelix.ipg 2018-09-12 13:21:02)
SIM	1575472513	m4311-18-02	bis0119	testfsgen	0	46.823	909.646


SYSTEM_START	-	m4311-18-02	m4311-18-02	2019-12-04 16:16:06


SYSTEM_INFO	CarMaker 7.0.2 - Car_Generic #280	fh@obelix.ipg 2018-09-12 13:21:17	(7.0.2 fh@obelix.ipg 2018-09-12 13:21:02)
SIM	1575472566	m4311-18-02	bis0119	testfsgen	0	52.318	1021.25


SYSTEM_START	-	m4311-18-02	m4311-18-02	2019-12-04 16:16:59


SYSTEM_INFO	CarMaker 7.0.2 - Car_Generic #280	fh@obelix.ipg 2018-09-12 13:21:17	(7.0.2 fh@obelix.ipg 2018-09-12 13:21:02)
SIM	1575472619	m4311-18-02	bis0119	testfsgen	0	50.897	1031.06


SYSTEM_START	-	m4311-18-02	m4311-18-02	2019-12-04 16:18:14


SYSTEM_INFO	CarMaker 7.0.2 - Car_Generic #280	fh@obelix.ipg 2018-09-12 13:21:17	(7.0.2 fh@obelix.ipg 2018-09-12 13:21:02)
SIM	1575472694	m4311-18-02	bis0119	testfsgen	0	47.78	941.24


SYSTEM_START	-	m4311-18-02	m4311-18-02	2019-12-04 16:19:52


SYSTEM_INFO	CarMaker 7.0.2 - Car_Generic #280	fh@obelix.ipg 2018-09-12 13:21:17	(7.0.2 fh@obelix.ipg 2018-09-12 13:21:02)
SIM	1575472792	m4311-18-02	bis0119	testfsgen	0	47.826	937.834


SYSTEM_START	-	m4311-18-02	m4311-18-02	2019-12-04 16:20:42


SYSTEM_INFO	CarMaker 7.0.2 - Car_Generic #280	fh@obelix.ipg 2018-09-12 13:21:17	(7.0.2 fh@obelix.ipg 2018-09-12 13:21:02)
SIM	1575472842	m4311-18-02	bis0119	testfsgen	1	70.328	1437.95


SYSTEM_START	-	m4311-18-02	m4311-18-02	2019-12-04 16:21:48


SYSTEM_INFO	CarMaker 7.0.2 - Car_Generic #280	fh@obelix.ipg 2018-09-12 13:21:17	(7.0.2 fh@obelix.ipg 2018-09-12 13:21:02)
SIM	1575472908	m4311-18-02	bis0119	testfsgen	0	48.783	986.528


SYSTEM_START	-	m4311-18-02	m4311-18-02	2019-12-04 16:25:31


SYSTEM_INFO	CarMaker 7.0.2 - Car_Generic #280	fh@obelix.ipg 2018-09-12 13:21:17	(7.0.2 fh@obelix.ipg 2018-09-12 13:21:02)
SIM	1575473131	m4311-18-02	bis0119	testfsgen	0	51.219	1037.91


SYSTEM_START	-	m4311-18-02	m4311-18-02	2019-12-04 16:28:33


SYSTEM_INFO	CarMaker 7.0.2 - Car_Generic #280	fh@obelix.ipg 2018-09-12 13:21:17	(7.0.2 fh@obelix.ipg 2018-09-12 13:21:02)
SIM	1575473313	m4311-18-02	bis0119	testfsgen	0	50.821	1029.5


SYSTEM_START	-	m4311-18-02	m4311-18-02	2019-12-04 16:30:11


SYSTEM_INFO	CarMaker 7.0.2 - Car_Generic #280	fh@obelix.ipg 2018-09-12 13:21:17	(7.0.2 fh@obelix.ipg 2018-09-12 13:21:02)
SIM	1575473411	m4311-18-02	bis0119	testfsgen	1	44.786	902.193


SYSTEM_START	-	m4311-18-02	m4311-18-02	2019-12-04 16:31:08


SYSTEM_INFO	CarMaker 7.0.2 - Car_Generic #280	fh@obelix.ipg 2018-09-12 13:21:17	(7.0.2 fh@obelix.ipg 2018-09-12 13:21:02)
SIM	1575473468	m4311-18-02	bis0119	testfsgen	0	51.224	1035.43


SYSTEM_START	-	m4311-18-02	m4311-18-02	2019-12-04 16:32:51


SYSTEM_INFO	CarMaker 7.0.2 - Car_Generic #280	fh@obelix.ipg 2018-09-12 13:21:17	(7.0.2 fh@obelix.ipg 2018-09-12 13:21:02)
SIM	1575473571	m4311-18-02	bis0119	testfsgen	1	50.027	982.102


SYSTEM_START	-	m4311-18-02	m4311-18-02	2019-12-04 16:34:22


SYSTEM_INFO	CarMaker 7.0.2 - Car_Generic #280	fh@obelix.ipg 2018-09-12 13:21:17	(7.0.2 fh@obelix.ipg 2018-09-12 13:21:02)
SIM	1575473662	m4311-18-02	bis0119	testfsgen	0	48.471	979.84


SYSTEM_START	-	m4311-18-02	m4311-18-02	2019-12-04 16:36:26


SYSTEM_INFO	CarMaker 7.0.2 - Car_Generic #280	fh@obelix.ipg 2018-09-12 13:21:17	(7.0.2 fh@obelix.ipg 2018-09-12 13:21:02)
SIM	1575473786	m4311-18-02	bis0119	testfsgen	0	51.817	1050.53


SYSTEM_START	-	m4311-18-02	m4311-18-02	2019-12-04 16:38:12


SYSTEM_INFO	CarMaker 7.0.2 - Car_Generic #280	fh@obelix.ipg 2018-09-12 13:21:17	(7.0.2 fh@obelix.ipg 2018-09-12 13:21:02)
SIM	1575473892	m4311-18-02	bis0119	testfsgen	0	47.057	950.071


SYSTEM_START	-	m4311-18-02	m4311-18-02	2019-12-04 16:40:12


SYSTEM_INFO	CarMaker 7.0.2 - Car_Generic #280	fh@obelix.ipg 2018-09-12 13:21:17	(7.0.2 fh@obelix.ipg 2018-09-12 13:21:02)
SIM	1575474012	m4311-18-02	bis0119	testfsgen	0	47.496	959.184


SYSTEM_START	-	m4311-18-02	m4311-18-02	2019-12-04 16:42:04


SYSTEM_INFO	CarMaker 7.0.2 - Car_Generic #280	fh@obelix.ipg 2018-09-12 13:21:17	(7.0.2 fh@obelix.ipg 2018-09-12 13:21:02)
SIM	1575474124	m4311-18-02	bis0119	testfsgen	0	50.557	1024.02


SYSTEM_START	-	m4311-18-02	m4311-18-02	2019-12-04 16:52:37


SYSTEM_INFO	CarMaker 7.0.2 - Car_Generic #280	fh@obelix.ipg 2018-09-12 13:21:17	(7.0.2 fh@obelix.ipg 2018-09-12 13:21:02)
SIM	1575474757	m4311-18-02	bis0119	sstorque4	0	70.069	1424.87


SYSTEM_START	-	m4311-18-02	m4311-18-02	2019-12-04 17:34:52


SYSTEM_INFO	CarMaker 7.0.2 - Car_Generic #280	fh@obelix.ipg 2018-09-12 13:21:17	(7.0.2 fh@obelix.ipg 2018-09-12 13:21:02)
SIM	1575477292	m4311-18-02	bis0119	sstorque4	0	45.984	927.408


SYSTEM_START	-	m4311-18-02	m4311-18-02	2019-12-04 17:36:08


SYSTEM_INFO	CarMaker 7.0.2 - Car_Generic #280	fh@obelix.ipg 2018-09-12 13:21:17	(7.0.2 fh@obelix.ipg 2018-09-12 13:21:02)
SIM	1575477368	m4311-18-02	bis0119	sstorque4	0	53.583	1086.02


SYSTEM_START	-	m4311-18-02	m4311-18-02	2019-12-04 17:39:46


SYSTEM_INFO	CarMaker 7.0.2 - Car_Generic #280	fh@obelix.ipg 2018-09-12 13:21:17	(7.0.2 fh@obelix.ipg 2018-09-12 13:21:02)
SIM	1575477586	m4311-18-02	bis0119	sstorque4	0	41.356	830.128


SYSTEM_START	-	m4311-18-02	m4311-18-02	2019-12-04 17:43:47


SYSTEM_INFO	CarMaker 7.0.2 - Car_Generic #280	fh@obelix.ipg 2018-09-12 13:21:17	(7.0.2 fh@obelix.ipg 2018-09-12 13:21:02)
SIM	1575477827	m4311-18-02	bis0119	sstorque4	0	52.585	1066.77


SYSTEM_START	-	m4311-18-02	m4311-18-02	2019-12-05 13:47:19


SYSTEM_INFO	CarMaker 7.0.2 - Car_Generic #280	fh@obelix.ipg 2018-09-12 13:21:17	(7.0.2 fh@obelix.ipg 2018-09-12 13:21:02)
SIM	1575550039	m4311-18-02	bis0119	sstorque4	0	46.678	936.767


SYSTEM_START	-	m4311-18-02	m4311-18-02	2019-12-05 13:52:28


SYSTEM_INFO	CarMaker 7.0.2 - Car_Generic #280	fh@obelix.ipg 2018-09-12 13:21:17	(7.0.2 fh@obelix.ipg 2018-09-12 13:21:02)
SIM	1575550348	m4311-18-02	bis0119	sstorque4	1	47.927	945.857


SYSTEM_START	-	m4311-18-02	m4311-18-02	2019-12-05 13:53:06


SYSTEM_INFO	CarMaker 7.0.2 - Car_Generic #280	fh@obelix.ipg 2018-09-12 13:21:17	(7.0.2 fh@obelix.ipg 2018-09-12 13:21:02)
SIM	1575550386	m4311-18-02	bis0119	sstorque4	1	47.927	945.857


SYSTEM_START	-	m4311-18-02	m4311-18-02	2019-12-05 13:54:05


SYSTEM_INFO	CarMaker 7.0.2 - Car_Generic #280	fh@obelix.ipg 2018-09-12 13:21:17	(7.0.2 fh@obelix.ipg 2018-09-12 13:21:02)
SIM	1575550445	m4311-18-02	bis0119	sstorque4	0	48.19	944.983


SYSTEM_START	-	m4311-18-02	m4311-18-02	2019-12-05 13:54:52


SYSTEM_INFO	CarMaker 7.0.2 - Car_Generic #280	fh@obelix.ipg 2018-09-12 13:21:17	(7.0.2 fh@obelix.ipg 2018-09-12 13:21:02)
SIM	1575550492	m4311-18-02	bis0119	sstorque4	0	55.521	1128.52


SYSTEM_START	-	m4311-18-02	m4311-18-02	2019-12-05 13:55:32


SYSTEM_INFO	CarMaker 7.0.2 - Car_Generic #280	fh@obelix.ipg 2018-09-12 13:21:17	(7.0.2 fh@obelix.ipg 2018-09-12 13:21:02)
SIM	1575550533	m4311-18-02	bis0119	sstorque4	1	47.445	954.298


SYSTEM_START	-	m4311-18-02	m4311-18-02	2019-12-05 13:56:14


SYSTEM_INFO	CarMaker 7.0.2 - Car_Generic #280	fh@obelix.ipg 2018-09-12 13:21:17	(7.0.2 fh@obelix.ipg 2018-09-12 13:21:02)
SIM	1575550574	m4311-18-02	bis0119	sstorque4	0	54.6	1109.13


SYSTEM_START	-	m4311-18-02	m4311-18-02	2019-12-05 13:56:51


SYSTEM_INFO	CarMaker 7.0.2 - Car_Generic #280	fh@obelix.ipg 2018-09-12 13:21:17	(7.0.2 fh@obelix.ipg 2018-09-12 13:21:02)
SIM	1575550612	m4311-18-02	bis0119	sstorque4	1	45.574	915.182


SYSTEM_START	-	m4311-18-02	m4311-18-02	2019-12-05 13:57:29


SYSTEM_INFO	CarMaker 7.0.2 - Car_Generic #280	fh@obelix.ipg 2018-09-12 13:21:17	(7.0.2 fh@obelix.ipg 2018-09-12 13:21:02)
SIM	1575550649	m4311-18-02	bis0119	sstorque4	0	53.481	1085.51


SYSTEM_START	-	m4311-18-02	m4311-18-02	2019-12-05 13:58:30


SYSTEM_INFO	CarMaker 7.0.2 - Car_Generic #280	fh@obelix.ipg 2018-09-12 13:21:17	(7.0.2 fh@obelix.ipg 2018-09-12 13:21:02)
SIM	1575550710	m4311-18-02	bis0119	sstorque4	0	51.838	1051.09


SYSTEM_START	-	m4311-18-02	m4311-18-02	2019-12-05 13:59:28


SYSTEM_INFO	CarMaker 7.0.2 - Car_Generic #280	fh@obelix.ipg 2018-09-12 13:21:17	(7.0.2 fh@obelix.ipg 2018-09-12 13:21:02)
SIM	1575550769	m4311-18-02	bis0119	sstorque4	0	53.361	1083.24


SYSTEM_START	-	m4311-18-02	m4311-18-02	2019-12-05 14:00:11


SYSTEM_INFO	CarMaker 7.0.2 - Car_Generic #280	fh@obelix.ipg 2018-09-12 13:21:17	(7.0.2 fh@obelix.ipg 2018-09-12 13:21:02)
SIM	1575550811	m4311-18-02	bis0119	sstorque4	0	50.149	1015.43


SYSTEM_START	-	m4311-18-02	m4311-18-02	2019-12-05 14:00:50


SYSTEM_INFO	CarMaker 7.0.2 - Car_Generic #280	fh@obelix.ipg 2018-09-12 13:21:17	(7.0.2 fh@obelix.ipg 2018-09-12 13:21:02)
SIM	1575550850	m4311-18-02	bis0119	sstorque4	0	50.808	1029.31


SYSTEM_START	-	m4311-18-02	m4311-18-02	2019-12-05 14:01:28


SYSTEM_INFO	CarMaker 7.0.2 - Car_Generic #280	fh@obelix.ipg 2018-09-12 13:21:17	(7.0.2 fh@obelix.ipg 2018-09-12 13:21:02)
SIM	1575550888	m4311-18-02	bis0119	sstorque4	0	51.131	1036.13


SYSTEM_START	-	m4311-18-02	m4311-18-02	2019-12-05 14:02:08


SYSTEM_INFO	CarMaker 7.0.2 - Car_Generic #280	fh@obelix.ipg 2018-09-12 13:21:17	(7.0.2 fh@obelix.ipg 2018-09-12 13:21:02)
SIM	1575550928	m4311-18-02	bis0119	sstorque4	0	51.639	1046.78


SYSTEM_START	-	m4311-18-02	m4311-18-02	2019-12-05 14:02:45


SYSTEM_INFO	CarMaker 7.0.2 - Car_Generic #280	fh@obelix.ipg 2018-09-12 13:21:17	(7.0.2 fh@obelix.ipg 2018-09-12 13:21:02)
SIM	1575550966	m4311-18-02	bis0119	sstorque4	0	51.663	1047.38


SYSTEM_START	-	m4311-18-02	m4311-18-02	2019-12-05 14:03:24


SYSTEM_INFO	CarMaker 7.0.2 - Car_Generic #280	fh@obelix.ipg 2018-09-12 13:21:17	(7.0.2 fh@obelix.ipg 2018-09-12 13:21:02)
SIM	1575551004	m4311-18-02	bis0119	sstorque4	0	54.65	1110.19


SYSTEM_START	-	m4311-18-02	m4311-18-02	2019-12-05 14:04:04


SYSTEM_INFO	CarMaker 7.0.2 - Car_Generic #280	fh@obelix.ipg 2018-09-12 13:21:17	(7.0.2 fh@obelix.ipg 2018-09-12 13:21:02)
SIM	1575551044	m4311-18-02	bis0119	sstorque4	0	49.676	1002.07


SYSTEM_START	-	m4311-18-02	m4311-18-02	2019-12-05 14:04:42


SYSTEM_INFO	CarMaker 7.0.2 - Car_Generic #280	fh@obelix.ipg 2018-09-12 13:21:17	(7.0.2 fh@obelix.ipg 2018-09-12 13:21:02)
SIM	1575551082	m4311-18-02	bis0119	sstorque4	0	50.262	1017.2


SYSTEM_START	-	m4311-18-02	m4311-18-02	2019-12-05 14:05:20


SYSTEM_INFO	CarMaker 7.0.2 - Car_Generic #280	fh@obelix.ipg 2018-09-12 13:21:17	(7.0.2 fh@obelix.ipg 2018-09-12 13:21:02)
SIM	1575551120	m4311-18-02	bis0119	sstorque4	0	49.791	1007.17


SYSTEM_START	-	m4311-18-02	m4311-18-02	2019-12-05 14:05:58


SYSTEM_INFO	CarMaker 7.0.2 - Car_Generic #280	fh@obelix.ipg 2018-09-12 13:21:17	(7.0.2 fh@obelix.ipg 2018-09-12 13:21:02)
SIM	1575551158	m4311-18-02	bis0119	sstorque4	0	50.059	1013.11


SYSTEM_START	-	m4311-18-02	m4311-18-02	2019-12-05 14:06:35


SYSTEM_INFO	CarMaker 7.0.2 - Car_Generic #280	fh@obelix.ipg 2018-09-12 13:21:17	(7.0.2 fh@obelix.ipg 2018-09-12 13:21:02)
SIM	1575551195	m4311-18-02	bis0119	sstorque4	0	50.096	1014.12


SYSTEM_START	-	m4311-18-02	m4311-18-02	2019-12-05 14:07:11


SYSTEM_INFO	CarMaker 7.0.2 - Car_Generic #280	fh@obelix.ipg 2018-09-12 13:21:17	(7.0.2 fh@obelix.ipg 2018-09-12 13:21:02)
SIM	1575551231	m4311-18-02	bis0119	sstorque4	0	50.602	1024.86


SYSTEM_START	-	m4311-18-02	m4311-18-02	2019-12-05 14:07:48


SYSTEM_INFO	CarMaker 7.0.2 - Car_Generic #280	fh@obelix.ipg 2018-09-12 13:21:17	(7.0.2 fh@obelix.ipg 2018-09-12 13:21:02)
SIM	1575551269	m4311-18-02	bis0119	sstorque4	0	49.916	1010.37


SYSTEM_START	-	m4311-18-02	m4311-18-02	2019-12-05 14:08:26


SYSTEM_INFO	CarMaker 7.0.2 - Car_Generic #280	fh@obelix.ipg 2018-09-12 13:21:17	(7.0.2 fh@obelix.ipg 2018-09-12 13:21:02)
SIM	1575551307	m4311-18-02	bis0119	sstorque4	0	49.657	1004.94


SYSTEM_START	-	m4311-18-02	m4311-18-02	2019-12-05 14:09:05


SYSTEM_INFO	CarMaker 7.0.2 - Car_Generic #280	fh@obelix.ipg 2018-09-12 13:21:17	(7.0.2 fh@obelix.ipg 2018-09-12 13:21:02)
SIM	1575551345	m4311-18-02	bis0119	sstorque4	0	50.563	1024.05


SYSTEM_START	-	m4311-18-02	m4311-18-02	2019-12-05 14:09:52


SYSTEM_INFO	CarMaker 7.0.2 - Car_Generic #280	fh@obelix.ipg 2018-09-12 13:21:17	(7.0.2 fh@obelix.ipg 2018-09-12 13:21:02)
SIM	1575551392	m4311-18-02	bis0119	sstorque4	0	51.669	1047.4


SYSTEM_START	-	m4311-18-02	m4311-18-02	2019-12-05 14:11:28


SYSTEM_INFO	CarMaker 7.0.2 - Car_Generic #280	fh@obelix.ipg 2018-09-12 13:21:17	(7.0.2 fh@obelix.ipg 2018-09-12 13:21:02)
SIM	1575551489	m4311-18-02	bis0119	sstorque4	0	51.884	1051.94


SYSTEM_START	-	m4311-18-02	m4311-18-02	2019-12-05 14:14:01


SYSTEM_INFO	CarMaker 7.0.2 - Car_Generic #280	fh@obelix.ipg 2018-09-12 13:21:17	(7.0.2 fh@obelix.ipg 2018-09-12 13:21:02)
SIM	1575551641	m4311-18-02	bis0119	sstorque4	0	124.744	2489.67


SYSTEM_START	-	m4311-18-02	m4311-18-02	2019-12-05 14:15:54


SYSTEM_INFO	CarMaker 7.0.2 - Car_Generic #280	fh@obelix.ipg 2018-09-12 13:21:17	(7.0.2 fh@obelix.ipg 2018-09-12 13:21:02)
SIM	1575551754	m4311-18-02	bis0119	sstorque4	1	72.377	1444.49


SYSTEM_START	-	m4311-18-02	m4311-18-02	2019-12-05 14:17:46


SYSTEM_INFO	CarMaker 7.0.2 - Car_Generic #280	fh@obelix.ipg 2018-09-12 13:21:17	(7.0.2 fh@obelix.ipg 2018-09-12 13:21:02)
SIM	1575551866	m4311-18-02	bis0119	sstorque4	0	117.264	2244.27


SYSTEM_START	-	m4311-18-02	m4311-18-02	2019-12-05 14:18:59


SYSTEM_INFO	CarMaker 7.0.2 - Car_Generic #280	fh@obelix.ipg 2018-09-12 13:21:17	(7.0.2 fh@obelix.ipg 2018-09-12 13:21:02)
SIM	1575551939	m4311-18-02	bis0119	sstorque4	0	77.549	1492.35


SYSTEM_START	-	m4311-18-02	m4311-18-02	2019-12-05 14:20:07


SYSTEM_INFO	CarMaker 7.0.2 - Car_Generic #280	fh@obelix.ipg 2018-09-12 13:21:17	(7.0.2 fh@obelix.ipg 2018-09-12 13:21:02)
SIM	1575552007	m4311-18-02	bis0119	sstorque4	0	52.583	1013.42


SYSTEM_START	-	m4311-18-02	m4311-18-02	2019-12-05 14:20:43


SYSTEM_INFO	CarMaker 7.0.2 - Car_Generic #280	fh@obelix.ipg 2018-09-12 13:21:17	(7.0.2 fh@obelix.ipg 2018-09-12 13:21:02)
SIM	1575552043	m4311-18-02	bis0119	sstorque4	0	48.65	946.891


SYSTEM_START	-	m4311-18-02	m4311-18-02	2019-12-05 14:37:46


SYSTEM_INFO	CarMaker 7.0.2 - Car_Generic #280	fh@obelix.ipg 2018-09-12 13:21:17	(7.0.2 fh@obelix.ipg 2018-09-12 13:21:02)
SIM	1575553066	m4311-18-02	bis0119	sstorque4	0	55.279	1081.37


SYSTEM_START	-	m4311-18-02	m4311-18-02	2019-12-05 14:38:40


SYSTEM_INFO	CarMaker 7.0.2 - Car_Generic #280	fh@obelix.ipg 2018-09-12 13:21:17	(7.0.2 fh@obelix.ipg 2018-09-12 13:21:02)
SIM	1575553120	m4311-18-02	bis0119	sstorque4	0	21.71	400.646


SYSTEM_START	-	m4311-18-02	m4311-18-02	2019-12-05 14:39:14


SYSTEM_INFO	CarMaker 7.0.2 - Car_Generic #280	fh@obelix.ipg 2018-09-12 13:21:17	(7.0.2 fh@obelix.ipg 2018-09-12 13:21:02)
SIM	1575553154	m4311-18-02	bis0119	sstorque4	0	19.197	349.74


SYSTEM_START	-	m4311-18-02	m4311-18-02	2019-12-05 14:44:40


SYSTEM_INFO	CarMaker 7.0.2 - Car_Generic #280	fh@obelix.ipg 2018-09-12 13:21:17	(7.0.2 fh@obelix.ipg 2018-09-12 13:21:02)
SIM	1575553480	m4311-18-02	bis0119	sstorque4	0	49.916	972.632


SYSTEM_START	-	m4311-18-02	m4311-18-02	2019-12-05 14:45:14


SYSTEM_INFO	CarMaker 7.0.2 - Car_Generic #280	fh@obelix.ipg 2018-09-12 13:21:17	(7.0.2 fh@obelix.ipg 2018-09-12 13:21:02)
SIM	1575553514	m4311-18-02	bis0119	sstorque4	0	30.622	581.446


SYSTEM_START	-	m4311-18-02	m4311-18-02	2019-12-05 14:46:40


SYSTEM_INFO	CarMaker 7.0.2 - Car_Generic #280	fh@obelix.ipg 2018-09-12 13:21:17	(7.0.2 fh@obelix.ipg 2018-09-12 13:21:02)
SIM	1575553600	m4311-18-02	bis0119	sstorque4	0	51.867	1012.19


SYSTEM_START	-	m4311-18-02	m4311-18-02	2019-12-05 14:51:59


SYSTEM_INFO	CarMaker 7.0.2 - Car_Generic #280	fh@obelix.ipg 2018-09-12 13:21:17	(7.0.2 fh@obelix.ipg 2018-09-12 13:21:02)
SIM	1575553919	m4311-18-02	bis0119	sstorque4	0	48.385	394.395


SYSTEM_START	-	m4311-18-02	m4311-18-02	2019-12-05 14:52:44


SYSTEM_INFO	CarMaker 7.0.2 - Car_Generic #280	fh@obelix.ipg 2018-09-12 13:21:17	(7.0.2 fh@obelix.ipg 2018-09-12 13:21:02)
SIM	1575553964	m4311-18-02	bis0119	sstorque4	0	53.413	436.336


SYSTEM_START	-	m4311-18-02	m4311-18-02	2019-12-05 14:53:35


SYSTEM_INFO	CarMaker 7.0.2 - Car_Generic #280	fh@obelix.ipg 2018-09-12 13:21:17	(7.0.2 fh@obelix.ipg 2018-09-12 13:21:02)
SIM	1575554015	m4311-18-02	bis0119	sstorque4	0	18.874	148.344


SYSTEM_START	-	m4311-18-02	m4311-18-02	2019-12-05 14:54:22


SYSTEM_INFO	CarMaker 7.0.2 - Car_Generic #280	fh@obelix.ipg 2018-09-12 13:21:17	(7.0.2 fh@obelix.ipg 2018-09-12 13:21:02)
SIM	1575554062	m4311-18-02	bis0119	sstorque4	0	30.257	243.227


SYSTEM_START	-	m4311-18-02	m4311-18-02	2019-12-05 15:06:33


SYSTEM_INFO	CarMaker 7.0.2 - Car_Generic #280	fh@obelix.ipg 2018-09-12 13:21:17	(7.0.2 fh@obelix.ipg 2018-09-12 13:21:02)
SIM	1575554793	m4311-18-02	bis0119	sstorque4	0	1348.56	45256


SYSTEM_START	-	m4311-18-02	m4311-18-02	2019-12-09 16:11:18


SYSTEM_INFO	CarMaker 7.0.2 - Car_Generic #280	fh@obelix.ipg 2018-09-12 13:21:17	(7.0.2 fh@obelix.ipg 2018-09-12 13:21:02)
SIM	1575904278	m4311-18-02	jom8992	testfsgen	1	74.448	1478.76


SYSTEM_START	-	m4311-18-02	m4311-18-02	2019-12-09 16:12:08


SYSTEM_INFO	CarMaker 7.0.2 - Car_Generic #280	fh@obelix.ipg 2018-09-12 13:21:17	(7.0.2 fh@obelix.ipg 2018-09-12 13:21:02)
SIM	1575904328	m4311-18-02	jom8992	testfsgen	0	176.084	3528.97
