APPLICATION	CarMaker 7.0.2 - Car_Generic #277 (win64-7.0.2)
COMPILED	fh@obelix.ipg 2018-09-12 13:21:04
FIRST_INIT	(internal default used)	2019-12-02 17:10:40
TIME	0.000
SIM_END			0s	0m
IDLE	17:10:41
SIM_START	testfsgen	2019-12-02 17:10:43
TIME	0.027
WARNING		PowerTrain OpenXWD: No selected PowerTrainXWD model; calculation using DVA is possible, but without 'integration substepping'
ERROR		PowerTrain.Control: Unknown kind 'CM4SL', version 1
SIM_ABORT	testfsgen	0s	0m
TIME	0.001
SIM_START	testfsgen	2019-12-02 17:12:15
TIME	0.014
WARNING		PowerTrain OpenXWD: No selected PowerTrainXWD model; calculation using DVA is possible, but without 'integration substepping'
ERROR		PowerTrain.Control: Unknown kind 'CM4SL', version 1
SIM_ABORT	testfsgen	0s	0m
TIME	7.153
SIM_START	testfsgen	2019-12-02 17:13:27
TIME	0.034
WARNING		PowerTrain OpenXWD: No selected PowerTrainXWD model; calculation using DVA is possible, but without 'integration substepping'
ERROR		PowerTrain.Control: Unknown kind 'CM4SL', version 1
SIM_ABORT	testfsgen	0s	0m
TIME	5.711
SHUTDOWN	CarMaker quick shutdown initiated

