APPLICATION	CarMaker 7.0.2 - Car_Generic #280 (win64-7.0.2)
COMPILED	fh@obelix.ipg 2018-09-12 13:21:17
SIM_START	unknown	2019-11-21 13:05:16
TIME	0.000
SIMULATE	unknown

TIME	30.003
SIM_END		unknown	30.012s	145.11m
APPLICATION	CarMaker 7.0.2 - Car_Generic #280 (win64-7.0.2)
COMPILED	fh@obelix.ipg 2018-09-12 13:21:17
SIM_START	unknown	2019-11-21 13:10:29
TIME	0.000
SIMULATE	unknown

TIME	30.003
SIM_END		unknown	30.012s	145.11m
APPLICATION	CarMaker 7.0.2 - Car_Generic #280 (win64-7.0.2)
COMPILED	fh@obelix.ipg 2018-09-12 13:21:17
SIM_START	unknown	2019-11-21 13:12:00
TIME	0.000
SIMULATE	unknown

TIME	30.003
SIM_END		unknown	30.012s	145.11m
APPLICATION	CarMaker 7.0.2 - Car_Generic #280 (win64-7.0.2)
COMPILED	fh@obelix.ipg 2018-09-12 13:21:17
SIM_START	unknown	2019-11-21 13:13:05
TIME	0.000
SIMULATE	unknown

TIME	30.003
SIM_END		unknown	30.012s	145.11m
APPLICATION	CarMaker 7.0.2 - Car_Generic #280 (win64-7.0.2)
COMPILED	fh@obelix.ipg 2018-09-12 13:21:17
SIM_START	unknown	2019-11-21 13:13:36
TIME	0.000
SIMULATE	unknown

TIME	30.003
SIM_END		unknown	30.012s	145.11m
APPLICATION	CarMaker 7.0.2 - Car_Generic #280 (win64-7.0.2)
COMPILED	fh@obelix.ipg 2018-09-12 13:21:17
SIM_START	unknown	2019-11-21 13:14:01
TIME	0.000
SIMULATE	unknown

TIME	30.003
SIM_END		unknown	30.012s	145.11m
APPLICATION	CarMaker 7.0.2 - Car_Generic #280 (win64-7.0.2)
COMPILED	fh@obelix.ipg 2018-09-12 13:21:17
SIM_START	unknown	2019-11-21 13:15:40
TIME	0.000
SIMULATE	unknown

TIME	19.749
SIM_END		unknown	19.758s	86.4317m
APPLICATION	CarMaker 7.0.2 - Car_Generic #280 (win64-7.0.2)
COMPILED	fh@obelix.ipg 2018-09-12 13:21:17
SIM_START	unknown	2019-11-21 13:16:05
TIME	0.000
SIMULATE	unknown

TIME	30.003
SIM_END		unknown	30.012s	145.11m
APPLICATION	CarMaker 7.0.2 - Car_Generic #280 (win64-7.0.2)
COMPILED	fh@obelix.ipg 2018-09-12 13:21:17
SIM_START	unknown	2019-11-21 13:17:57
TIME	0.000
SIMULATE	unknown

TIME	15.362
SIM_END		unknown	15.371s	62.7593m
APPLICATION	CarMaker 7.0.2 - Car_Generic #280 (win64-7.0.2)
COMPILED	fh@obelix.ipg 2018-09-12 13:21:17
SIM_START	unknown	2019-11-21 13:18:15
TIME	0.000
SIMULATE	unknown

TIME	30.003
SIM_END		unknown	30.012s	145.11m
APPLICATION	CarMaker 7.0.2 - Car_Generic #280 (win64-7.0.2)
COMPILED	fh@obelix.ipg 2018-09-12 13:21:17
SIM_START	unknown	2019-11-21 13:23:42
TIME	0.000
SIMULATE	unknown

TIME	30.003
SIM_END		unknown	30.012s	145.11m
APPLICATION	CarMaker 7.0.2 - Car_Generic #280 (win64-7.0.2)
COMPILED	fh@obelix.ipg 2018-09-12 13:21:17
SIM_START	unknown	2019-11-21 13:24:52
TIME	0.000
SIMULATE	unknown

TIME	9.137
SIM_END		unknown	9.146s	28.2096m
APPLICATION	CarMaker 7.0.2 - Car_Generic #280 (win64-7.0.2)
COMPILED	fh@obelix.ipg 2018-09-12 13:21:17
SIM_START	unknown	2019-11-21 13:25:23
TIME	0.000
SIMULATE	unknown

TIME	30.003
SIM_END		unknown	30.012s	145.11m
APPLICATION	CarMaker 7.0.2 - Car_Generic #280 (win64-7.0.2)
COMPILED	fh@obelix.ipg 2018-09-12 13:21:17
SIM_START	unknown	2019-11-21 13:34:10
TIME	0.000
SIMULATE	unknown

TIME	30.003
SIM_END		unknown	30.012s	145.11m
APPLICATION	CarMaker 7.0.2 - Car_Generic #280 (win64-7.0.2)
COMPILED	fh@obelix.ipg 2018-09-12 13:21:17
SIM_START	unknown	2019-11-21 13:34:57
TIME	0.000
SIMULATE	unknown

TIME	3.292
ERROR		Vehicle leaves road at about x=-27.175, y=12.3381 TireNo=0
SIM_ABORT	unknown	3.304s	30.3215m
APPLICATION	CarMaker 7.0.2 - Car_Generic #280 (win64-7.0.2)
COMPILED	fh@obelix.ipg 2018-09-12 13:21:17
SIM_START	unknown	2019-11-21 13:35:17
TIME	0.000
SIMULATE	unknown

TIME	3.292
ERROR		Vehicle leaves road at about x=-27.175, y=12.3381 TireNo=0
SIM_ABORT	unknown	3.304s	30.3215m
APPLICATION	CarMaker 7.0.2 - Car_Generic #280 (win64-7.0.2)
COMPILED	fh@obelix.ipg 2018-09-12 13:21:17
SIM_START	unknown	2019-11-21 13:38:08
TIME	0.000
SIMULATE	unknown

TIME	30.003
SIM_END		unknown	30.012s	145.113m
APPLICATION	CarMaker 7.0.2 - Car_Generic #280 (win64-7.0.2)
COMPILED	fh@obelix.ipg 2018-09-12 13:21:17
SIM_START	unknown	2019-11-21 13:40:37
TIME	0.000
SIMULATE	unknown

TIME	2.665
ERROR		Embedded FARoadSensor Geo:  xyz (-13.04 34.99 -0.03) not found on Road
SIM_ABORT	unknown	2.677s	4.93942m
APPLICATION	CarMaker 7.0.2 - Car_Generic #280 (win64-7.0.2)
COMPILED	fh@obelix.ipg 2018-09-12 13:21:17
SIM_START	unknown	2019-11-21 13:42:15
TIME	0.000
SIMULATE	unknown

TIME	30.003
SIM_END		unknown	30.012s	145.11m
APPLICATION	CarMaker 7.0.2 - Car_Generic #280 (win64-7.0.2)
COMPILED	fh@obelix.ipg 2018-09-12 13:21:17
SIM_START	unknown	2019-11-21 13:43:26
TIME	0.000
SIMULATE	unknown

TIME	30.003
SIM_END		unknown	30.012s	145.11m
APPLICATION	CarMaker 7.0.2 - Car_Generic #280 (win64-7.0.2)
COMPILED	fh@obelix.ipg 2018-09-12 13:21:17
SIM_START	unknown	2019-11-21 13:45:50
TIME	0.000
SIMULATE	unknown

TIME	30.003
SIM_END		unknown	30.012s	145.11m
APPLICATION	CarMaker 7.0.2 - Car_Generic #280 (win64-7.0.2)
COMPILED	fh@obelix.ipg 2018-09-12 13:21:17
SIM_START	unknown	2019-11-21 13:48:09
TIME	0.000
SIMULATE	unknown

TIME	30.003
SIM_END		unknown	30.012s	145.11m
APPLICATION	CarMaker 7.0.2 - Car_Generic #280 (win64-7.0.2)
COMPILED	fh@obelix.ipg 2018-09-12 13:21:17
SIM_START	unknown	2019-11-21 13:49:27
TIME	0.000
SIMULATE	unknown

TIME	30.003
SIM_END		unknown	30.012s	803.128m
APPLICATION	CarMaker 7.0.2 - Car_Generic #280 (win64-7.0.2)
COMPILED	fh@obelix.ipg 2018-09-12 13:21:17
SIM_START	unknown	2019-11-21 13:52:48
TIME	0.000
SIMULATE	unknown

TIME	14.457
SIM_END		unknown	14.466s	159.884m
APPLICATION	CarMaker 7.0.2 - Car_Generic #280 (win64-7.0.2)
COMPILED	fh@obelix.ipg 2018-09-12 13:21:17
SIM_START	unknown	2019-11-21 13:53:25
TIME	0.000
SIMULATE	unknown

TIME	11.438
SIM_END		unknown	11.447s	155.892m
APPLICATION	CarMaker 7.0.2 - Car_Generic #280 (win64-7.0.2)
COMPILED	fh@obelix.ipg 2018-09-12 13:21:17
SIM_START	unknown	2019-11-21 13:53:51
TIME	0.000
SIMULATE	unknown

TIME	23.423
SIM_END		unknown	23.432s	369.59m
APPLICATION	CarMaker 7.0.2 - Car_Generic #280 (win64-7.0.2)
COMPILED	fh@obelix.ipg 2018-09-12 13:21:17
SIM_START	unknown	2019-11-21 13:54:43
TIME	0.000
SIMULATE	unknown

TIME	23.423
SIM_END		unknown	23.432s	369.59m
APPLICATION	CarMaker 7.0.2 - Car_Generic #280 (win64-7.0.2)
COMPILED	fh@obelix.ipg 2018-09-12 13:21:17
SIM_START	unknown	2019-11-21 13:57:52
TIME	0.000
SIMULATE	unknown

TIME	23.423
SIM_END		unknown	23.432s	369.59m
APPLICATION	CarMaker 7.0.2 - Car_Generic #280 (win64-7.0.2)
COMPILED	fh@obelix.ipg 2018-09-12 13:21:17
SIM_START	unknown	2019-11-21 13:58:52
TIME	0.000
SIMULATE	unknown

TIME	23.423
SIM_END		unknown	23.432s	369.59m
APPLICATION	CarMaker 7.0.2 - Car_Generic #280 (win64-7.0.2)
COMPILED	fh@obelix.ipg 2018-09-12 13:21:17
SIM_START	unknown	2019-11-21 14:02:06
TIME	0.000
SIMULATE	unknown

TIME	23.423
SIM_END		unknown	23.432s	369.59m
