APPLICATION	CarMaker 7.0.2 - Car_Generic #280 (win64-7.0.2)
COMPILED	fh@obelix.ipg 2018-09-12 13:21:17
SIM_START	unknown	2019-11-21 14:19:47
TIME	0.000
SIMULATE	unknown

TIME	30.003
SIM_END		unknown	30.012s	521.893m
APPLICATION	CarMaker 7.0.2 - Car_Generic #280 (win64-7.0.2)
COMPILED	fh@obelix.ipg 2018-09-12 13:21:17
SIM_START	unknown	2019-11-21 14:21:27
TIME	0.000
SIMULATE	unknown

TIME	30.003
SIM_END		unknown	30.012s	521.893m
APPLICATION	CarMaker 7.0.2 - Car_Generic #280 (win64-7.0.2)
COMPILED	fh@obelix.ipg 2018-09-12 13:21:17
SIM_START	unknown	2019-11-21 14:22:57
TIME	0.000
SIMULATE	unknown

TIME	30.003
SIM_END		unknown	30.012s	521.893m
APPLICATION	CarMaker 7.0.2 - Car_Generic #280 (win64-7.0.2)
COMPILED	fh@obelix.ipg 2018-09-12 13:21:17
SIM_START	unknown	2019-11-21 14:25:25
TIME	0.001
WARNING		PowerTrain OpenXWD: No selected DriveLineXWD model; calculation using DVA is possible, but without 'integration substepping'
WARNING		PowerTrain 'OpenXWD with engine': maximum possible generator speed of ISG motor is less than the maximum possible engine speed (1750 < 7872.88 rpm)
ERROR		PowerTrain.Control BEV: supports only electric powertrain
ERROR		CM_Main.c: Initialization failed (CM_Main_Begin()=-3)
SIM_ABORT	unknown	0s	0m
APPLICATION	CarMaker 7.0.2 - Car_Generic #280 (win64-7.0.2)
COMPILED	fh@obelix.ipg 2018-09-12 13:21:17
SIM_START	unknown	2019-11-21 14:26:38
TIME	0.001
ERROR		PowerTrain.DL: Missing parameter 'PowerTrain.DL.Kind'
ERROR		CM_Main.c: Initialization failed (CM_Main_Begin()=-3)
SIM_ABORT	unknown	0s	0m
APPLICATION	CarMaker 7.0.2 - Car_Generic #280 (win64-7.0.2)
COMPILED	fh@obelix.ipg 2018-09-12 13:21:17
SIM_START	unknown	2019-11-21 14:27:09
TIME	0.000
SIMULATE	unknown

TIME	30.003
SIM_END		unknown	30.012s	521.893m
APPLICATION	CarMaker 7.0.2 - Car_Generic #280 (win64-7.0.2)
COMPILED	fh@obelix.ipg 2018-09-12 13:21:17
SIM_START	unknown	2019-11-21 14:28:02
TIME	0.000
SIMULATE	unknown

TIME	30.003
SIM_END		unknown	30.012s	521.893m
APPLICATION	CarMaker 7.0.2 - Car_Generic #280 (win64-7.0.2)
COMPILED	fh@obelix.ipg 2018-09-12 13:21:17
SIM_START	unknown	2019-11-21 14:30:14
TIME	0.000
SIMULATE	unknown

TIME	29.853
SIM_END		unknown	29.86s	518.908m
APPLICATION	CarMaker 7.0.2 - Car_Generic #280 (win64-7.0.2)
COMPILED	fh@obelix.ipg 2018-09-12 13:21:17
SIM_START	unknown	2019-11-21 14:30:56
TIME	0.000
SIMULATE	unknown

TIME	30.003
SIM_END		unknown	30.012s	521.893m
APPLICATION	CarMaker 7.0.2 - Car_Generic #280 (win64-7.0.2)
COMPILED	fh@obelix.ipg 2018-09-12 13:21:17
SIM_START	unknown	2019-11-21 14:33:52
TIME	0.000
SIMULATE	unknown

TIME	30.003
SIM_END		unknown	30.012s	521.893m
APPLICATION	CarMaker 7.0.2 - Car_Generic #280 (win64-7.0.2)
COMPILED	fh@obelix.ipg 2018-09-12 13:21:17
SIM_START	unknown	2019-11-21 14:36:01
TIME	0.000
SIMULATE	unknown

TIME	30.003
SIM_END		unknown	30.012s	521.893m
APPLICATION	CarMaker 7.0.2 - Car_Generic #280 (win64-7.0.2)
COMPILED	fh@obelix.ipg 2018-09-12 13:21:17
SIM_START	unknown	2019-11-21 14:38:32
TIME	0.000
SIMULATE	unknown

TIME	30.003
SIM_END		unknown	30.012s	541.002m
APPLICATION	CarMaker 7.0.2 - Car_Generic #280 (win64-7.0.2)
COMPILED	fh@obelix.ipg 2018-09-12 13:21:17
SIM_START	unknown	2019-11-21 14:40:39
TIME	0.000
SIMULATE	unknown

TIME	30.003
SIM_END		unknown	30.012s	541.002m
APPLICATION	CarMaker 7.0.2 - Car_Generic #280 (win64-7.0.2)
COMPILED	fh@obelix.ipg 2018-09-12 13:21:17
SIM_START	unknown	2019-11-21 14:42:51
TIME	0.000
SIMULATE	unknown

TIME	30.003
SIM_END		unknown	30.012s	541.002m
APPLICATION	CarMaker 7.0.2 - Car_Generic #280 (win64-7.0.2)
COMPILED	fh@obelix.ipg 2018-09-12 13:21:17
SIM_START	unknown	2019-11-21 14:44:53
TIME	0.000
SIMULATE	unknown

TIME	30.003
SIM_END		unknown	30.012s	541.002m
