APPLICATION	CarMaker 7.0.2 - Car_Generic #280 (win64-7.0.2)
COMPILED	fh@obelix.ipg 2018-09-12 13:21:17
SIM_START	unknown	2019-11-25 14:21:53
TIME	0.000
SIMULATE	unknown

TIME	54.700
SIM_END		unknown	54.709s	995.479m
APPLICATION	CarMaker 7.0.2 - Car_Generic #280 (win64-7.0.2)
COMPILED	fh@obelix.ipg 2018-09-12 13:21:17
SIM_START	unknown	2019-11-25 14:33:27
TIME	0.000
SIMULATE	unknown

TIME	60.003
SIM_END		unknown	60.012s	1124.78m
APPLICATION	CarMaker 7.0.2 - Car_Generic #280 (win64-7.0.2)
COMPILED	fh@obelix.ipg 2018-09-12 13:21:17
SIM_START	unknown	2019-11-25 14:35:46
TIME	0.000
SIMULATE	unknown

TIME	60.003
SIM_END		unknown	60.012s	1124.78m
APPLICATION	CarMaker 7.0.2 - Car_Generic #280 (win64-7.0.2)
COMPILED	fh@obelix.ipg 2018-09-12 13:21:17
SIM_START	unknown	2019-11-25 14:56:17
TIME	0.000
SIMULATE	unknown

TIME	60.003
SIM_END		unknown	60.012s	1124.78m
APPLICATION	CarMaker 7.0.2 - Car_Generic #280 (win64-7.0.2)
COMPILED	fh@obelix.ipg 2018-09-12 13:21:17
SIM_START	unknown	2019-11-25 14:58:57
TIME	0.000
SIMULATE	unknown

SIM_END		unknown	1.698s	3.03079m
APPLICATION	CarMaker 7.0.2 - Car_Generic #280 (win64-7.0.2)
COMPILED	fh@obelix.ipg 2018-09-12 13:21:17
SIM_START	unknown	2019-11-25 14:59:11
TIME	0.000
SIMULATE	unknown

TIME	60.003
SIM_END		unknown	60.012s	1124.78m
APPLICATION	CarMaker 7.0.2 - Car_Generic #280 (win64-7.0.2)
COMPILED	fh@obelix.ipg 2018-09-12 13:21:17
SIM_START	unknown	2019-11-25 15:21:04
TIME	0.000
SIMULATE	unknown

TIME	60.003
SIM_END		unknown	60.012s	1124.78m
APPLICATION	CarMaker 7.0.2 - Car_Generic #280 (win64-7.0.2)
COMPILED	fh@obelix.ipg 2018-09-12 13:21:17
SIM_START	unknown	2019-11-25 15:22:58
TIME	0.000
SIMULATE	unknown

TIME	60.003
SIM_END		unknown	60.012s	1124.78m
