APPLICATION	CarMaker 7.0.2 - Car_Generic #277 (win64-7.0.2)
COMPILED	fh@obelix.ipg 2018-09-12 13:21:04
FIRST_INIT	(internal default used)	2019-12-02 18:25:36
TIME	0.000
SIM_END			0s	0m
IDLE	18:25:36
SIM_START	unknown	2019-12-02 18:25:41
TIME	0.000
SIMULATE	unknown

TIME	30.009
SIM_END		unknown	30s	493.658m
TIME	33.174
SIM_START	unknown	2019-12-02 18:26:19
TIME	0.000
SIMULATE	unknown

TIME	128.815
WARNING		Cannot start simulation, must be in state 'Idle' (currently 'Simulate')
TIME	873.303
SIM_END		unknown	873.3s	29034.9m
SIM_START	unknown	2019-12-02 18:27:16
TIME	0.000
SIMULATE	unknown

TIME	25.105
ERROR		Roll angle too high (-80.06 deg)
SIM_ABORT	unknown	25.105s	887.262m
TIME	28.676
SIM_START	unknown	2019-12-02 18:28:22
TIME	0.000
SIMULATE	unknown

TIME	9.565
SIM_END		unknown	9.562s	44.5168m
SIM_START	unknown	2019-12-02 18:28:48
TIME	0.000
SIMULATE	unknown

TIME	2.501
SIM_END		unknown	2.498s	3.0498m
TIME	17.131
SHUTDOWN	CarMaker quick shutdown initiated

