APPLICATION	CarMaker 7.0.2 - Car_Generic #280 (win64-7.0.2)
COMPILED	fh@obelix.ipg 2018-09-12 13:21:17
SIM_START	unknown	2019-12-02 17:06:49
TIME	0.001
WARNING		PowerTrain OpenXWD: No selected PowerTrainXWD model; calculation using DVA is possible, but without 'integration substepping'
TIME	0.000
SIMULATE	unknown

TIME	78.130
SIM_END		unknown	78.136s	0.106073m
APPLICATION	CarMaker 7.0.2 - Car_Generic #280 (win64-7.0.2)
COMPILED	fh@obelix.ipg 2018-09-12 13:21:17
SIM_START	unknown	2019-12-02 17:08:18
TIME	0.001
WARNING		PowerTrain OpenXWD: No selected PowerTrainXWD model; calculation using DVA is possible, but without 'integration substepping'
TIME	0.000
SIMULATE	unknown

TIME	92.246
SIM_END		unknown	92.255s	0.10785m
APPLICATION	CarMaker 7.0.2 - Car_Generic #280 (win64-7.0.2)
COMPILED	fh@obelix.ipg 2018-09-12 13:21:17
SIM_START	unknown	2019-12-02 17:09:09
TIME	0.001
WARNING		PowerTrain OpenXWD: No selected PowerTrainXWD model; calculation using DVA is possible, but without 'integration substepping'
